[ 2018-01-04T00:01:19+08:00 ] ::1 /tp3/index.php?m=Home&c=grade&a=add&base=0&c_id=1
INFO: [ app_init ] --START--
INFO: Run Behavior\BuildLiteBehavior [ RunTime:0.000038s ]
INFO: [ app_init ] --END-- [ RunTime:0.000476s ]
INFO: [ app_begin ] --START--
INFO: Run Behavior\ReadHtmlCacheBehavior [ RunTime:0.000505s ]
INFO: [ app_begin ] --END-- [ RunTime:0.000614s ]
INFO: [ action_begin ] --START--
INFO: Run Common\Behavior\LoginCheckBehavior [ RunTime:0.000513s ]
INFO: [ action_begin ] --END-- [ RunTime:0.000627s ]
SQL: SHOW COLUMNS FROM `user` [ RunTime:0.006436s ]
SQL: SELECT * FROM `user` WHERE `user_id` = 1 LIMIT 1   [ RunTime:0.000285s ]
SQL: SHOW COLUMNS FROM `course` [ RunTime:0.002851s ]
SQL: SHOW COLUMNS FROM `student` [ RunTime:0.003082s ]
SQL: SHOW COLUMNS FROM `course_choose` [ RunTime:0.003795s ]
SQL: SELECT * FROM `course` WHERE `c_id` = 1 LIMIT 1   [ RunTime:0.000289s ]
SQL: SELECT * FROM `student` INNER JOIN course_choose ON course_choose.s_id= student.id AND course_choose.c_id = 1 LEFT JOIN grade ON grade.s_id = student.id AND grade.is_base = 0 AND grade.c_id = 1   [ RunTime:0.000421s ]
NOTIC: [2] Missing argument 1 for Think\Controller::show(), called in I:\work\wamp\www\tp3\Application\Home\Controller\GradeController.class.php on line 124 and defined I:\work\wamp\www\tp3\ThinkPHP\Library\Think\Controller.class.php 第 68 行.
NOTIC: [8] Undefined variable: content I:\work\wamp\www\tp3\ThinkPHP\Library\Think\Controller.class.php 第 69 行.
INFO: [ view_parse ] --START--
INFO: [ template_filter ] --START--
INFO: Run Behavior\ContentReplaceBehavior [ RunTime:0.000112s ]
INFO: [ template_filter ] --END-- [ RunTime:0.000236s ]
INFO: Run Behavior\ParseTemplateBehavior [ RunTime:0.013932s ]
INFO: [ view_parse ] --END-- [ RunTime:0.014109s ]
INFO: [ view_filter ] --START--
INFO: Run Behavior\WriteHtmlCacheBehavior [ RunTime:0.000343s ]
INFO: [ view_filter ] --END-- [ RunTime:0.000452s ]
INFO: [ app_end ] --START--
INFO: Run Behavior\ShowPageTraceBehavior [ RunTime:0.000428s ]
INFO: [ app_end ] --END-- [ RunTime:0.000553s ]

[ 2018-01-04T00:01:36+08:00 ] ::1 /tp3/index.php?m=Home&c=grade&a=addCheck
INFO: [ app_init ] --START--
INFO: Run Behavior\BuildLiteBehavior [ RunTime:0.000030s ]
INFO: [ app_init ] --END-- [ RunTime:0.000419s ]
INFO: [ app_begin ] --START--
INFO: Run Behavior\ReadHtmlCacheBehavior [ RunTime:0.000417s ]
INFO: [ app_begin ] --END-- [ RunTime:0.000530s ]
INFO: [ action_begin ] --START--
INFO: Run Common\Behavior\LoginCheckBehavior [ RunTime:0.000378s ]
INFO: [ action_begin ] --END-- [ RunTime:0.000490s ]
SQL: SHOW COLUMNS FROM `user` [ RunTime:0.003817s ]
SQL: SELECT * FROM `user` WHERE `user_id` = 1 LIMIT 1   [ RunTime:0.000219s ]

[ 2018-01-04T00:02:00+08:00 ] ::1 /tp3/index.php?m=Home&c=grade&a=add&base=0&c_id=1
INFO: [ app_init ] --START--
INFO: Run Behavior\BuildLiteBehavior [ RunTime:0.000029s ]
INFO: [ app_init ] --END-- [ RunTime:0.000425s ]
INFO: [ app_begin ] --START--
INFO: Run Behavior\ReadHtmlCacheBehavior [ RunTime:0.000432s ]
INFO: [ app_begin ] --END-- [ RunTime:0.000544s ]
INFO: [ action_begin ] --START--
INFO: Run Common\Behavior\LoginCheckBehavior [ RunTime:0.000367s ]
INFO: [ action_begin ] --END-- [ RunTime:0.000499s ]
SQL: SHOW COLUMNS FROM `user` [ RunTime:0.003677s ]
SQL: SELECT * FROM `user` WHERE `user_id` = 1 LIMIT 1   [ RunTime:0.000309s ]
SQL: SHOW COLUMNS FROM `course` [ RunTime:0.003916s ]
SQL: SHOW COLUMNS FROM `student` [ RunTime:0.003009s ]
SQL: SHOW COLUMNS FROM `course_choose` [ RunTime:0.002997s ]
SQL: SELECT * FROM `course` WHERE `c_id` = 1 LIMIT 1   [ RunTime:0.000271s ]
SQL: SELECT * FROM `student` INNER JOIN course_choose ON course_choose.s_id= student.id AND course_choose.c_id = 1 LEFT JOIN grade ON grade.s_id = student.id AND grade.is_base = 0 AND grade.c_id = 1   [ RunTime:0.000468s ]
NOTIC: [2] Missing argument 1 for Think\Controller::show(), called in I:\work\wamp\www\tp3\Application\Home\Controller\GradeController.class.php on line 124 and defined I:\work\wamp\www\tp3\ThinkPHP\Library\Think\Controller.class.php 第 68 行.
NOTIC: [8] Undefined variable: content I:\work\wamp\www\tp3\ThinkPHP\Library\Think\Controller.class.php 第 69 行.
INFO: [ view_parse ] --START--
INFO: [ template_filter ] --START--
INFO: Run Behavior\ContentReplaceBehavior [ RunTime:0.000088s ]
INFO: [ template_filter ] --END-- [ RunTime:0.000222s ]
INFO: Run Behavior\ParseTemplateBehavior [ RunTime:0.013109s ]
INFO: [ view_parse ] --END-- [ RunTime:0.013238s ]
INFO: [ view_filter ] --START--
INFO: Run Behavior\WriteHtmlCacheBehavior [ RunTime:0.000289s ]
INFO: [ view_filter ] --END-- [ RunTime:0.000391s ]
INFO: [ app_end ] --START--
INFO: Run Behavior\ShowPageTraceBehavior [ RunTime:0.000592s ]
INFO: [ app_end ] --END-- [ RunTime:0.000746s ]

[ 2018-01-04T00:02:03+08:00 ] ::1 /tp3/index.php?m=Home&c=grade&a=addCheck
INFO: [ app_init ] --START--
INFO: Run Behavior\BuildLiteBehavior [ RunTime:0.000033s ]
INFO: [ app_init ] --END-- [ RunTime:0.000473s ]
INFO: [ app_begin ] --START--
INFO: Run Behavior\ReadHtmlCacheBehavior [ RunTime:0.000750s ]
INFO: [ app_begin ] --END-- [ RunTime:0.000923s ]
INFO: [ action_begin ] --START--
INFO: Run Common\Behavior\LoginCheckBehavior [ RunTime:0.000848s ]
INFO: [ action_begin ] --END-- [ RunTime:0.000997s ]
SQL: SHOW COLUMNS FROM `user` [ RunTime:0.004985s ]
SQL: SELECT * FROM `user` WHERE `user_id` = 1 LIMIT 1   [ RunTime:0.000296s ]

[ 2018-01-04T00:02:06+08:00 ] ::1 /tp3/index.php?m=Home&c=grade&a=addCheck
INFO: [ app_init ] --START--
INFO: Run Behavior\BuildLiteBehavior [ RunTime:0.000033s ]
INFO: [ app_init ] --END-- [ RunTime:0.000479s ]
INFO: [ app_begin ] --START--
INFO: Run Behavior\ReadHtmlCacheBehavior [ RunTime:0.000640s ]
INFO: [ app_begin ] --END-- [ RunTime:0.000782s ]
INFO: [ action_begin ] --START--
INFO: Run Common\Behavior\LoginCheckBehavior [ RunTime:0.000999s ]
INFO: [ action_begin ] --END-- [ RunTime:0.001220s ]
SQL: SHOW COLUMNS FROM `user` [ RunTime:0.004634s ]
SQL: SELECT * FROM `user` WHERE `user_id` = 1 LIMIT 1   [ RunTime:0.000424s ]

[ 2018-01-04T00:02:46+08:00 ] ::1 /tp3/index.php?m=Home&c=grade&a=add&base=0&c_id=1
INFO: [ app_init ] --START--
INFO: Run Behavior\BuildLiteBehavior [ RunTime:0.000051s ]
INFO: [ app_init ] --END-- [ RunTime:0.000802s ]
INFO: [ app_begin ] --START--
INFO: Run Behavior\ReadHtmlCacheBehavior [ RunTime:0.000605s ]
INFO: [ app_begin ] --END-- [ RunTime:0.000741s ]
INFO: [ action_begin ] --START--
INFO: Run Common\Behavior\LoginCheckBehavior [ RunTime:0.000642s ]
INFO: [ action_begin ] --END-- [ RunTime:0.000781s ]
SQL: SHOW COLUMNS FROM `user` [ RunTime:0.003845s ]
SQL: SELECT * FROM `user` WHERE `user_id` = 1 LIMIT 1   [ RunTime:0.001447s ]
SQL: SHOW COLUMNS FROM `course` [ RunTime:0.003604s ]
SQL: SHOW COLUMNS FROM `student` [ RunTime:0.003425s ]
SQL: SHOW COLUMNS FROM `course_choose` [ RunTime:0.002736s ]
SQL: SELECT * FROM `course` WHERE `c_id` = 1 LIMIT 1   [ RunTime:0.000273s ]
SQL: SELECT * FROM `student` INNER JOIN course_choose ON course_choose.s_id= student.id AND course_choose.c_id = 1 LEFT JOIN grade ON grade.s_id = student.id AND grade.is_base = 0 AND grade.c_id = 1   [ RunTime:0.000386s ]
NOTIC: [2] Missing argument 1 for Think\Controller::show(), called in I:\work\wamp\www\tp3\Application\Home\Controller\GradeController.class.php on line 124 and defined I:\work\wamp\www\tp3\ThinkPHP\Library\Think\Controller.class.php 第 68 行.
NOTIC: [8] Undefined variable: content I:\work\wamp\www\tp3\ThinkPHP\Library\Think\Controller.class.php 第 69 行.
INFO: [ view_parse ] --START--
INFO: [ template_filter ] --START--
INFO: Run Behavior\ContentReplaceBehavior [ RunTime:0.000110s ]
INFO: [ template_filter ] --END-- [ RunTime:0.000258s ]
INFO: Run Behavior\ParseTemplateBehavior [ RunTime:0.016517s ]
INFO: [ view_parse ] --END-- [ RunTime:0.016674s ]
INFO: [ view_filter ] --START--
INFO: Run Behavior\WriteHtmlCacheBehavior [ RunTime:0.000413s ]
INFO: [ view_filter ] --END-- [ RunTime:0.000549s ]
INFO: [ app_end ] --START--
INFO: Run Behavior\ShowPageTraceBehavior [ RunTime:0.000635s ]
INFO: [ app_end ] --END-- [ RunTime:0.000768s ]

[ 2018-01-04T00:02:49+08:00 ] ::1 /tp3/index.php?m=Home&c=grade&a=addCheck
INFO: [ app_init ] --START--
INFO: Run Behavior\BuildLiteBehavior [ RunTime:0.000033s ]
INFO: [ app_init ] --END-- [ RunTime:0.000510s ]
INFO: [ app_begin ] --START--
INFO: Run Behavior\ReadHtmlCacheBehavior [ RunTime:0.000846s ]
INFO: [ app_begin ] --END-- [ RunTime:0.001049s ]
INFO: [ action_begin ] --START--
INFO: Run Common\Behavior\LoginCheckBehavior [ RunTime:0.000609s ]
INFO: [ action_begin ] --END-- [ RunTime:0.000798s ]
SQL: SHOW COLUMNS FROM `user` [ RunTime:0.002995s ]
SQL: SELECT * FROM `user` WHERE `user_id` = 1 LIMIT 1   [ RunTime:0.000240s ]

[ 2018-01-04T00:03:03+08:00 ] ::1 /tp3/index.php?m=Home&c=grade&a=add&base=0&c_id=1
INFO: [ app_init ] --START--
INFO: Run Behavior\BuildLiteBehavior [ RunTime:0.000046s ]
INFO: [ app_init ] --END-- [ RunTime:0.000651s ]
INFO: [ app_begin ] --START--
INFO: Run Behavior\ReadHtmlCacheBehavior [ RunTime:0.000769s ]
INFO: [ app_begin ] --END-- [ RunTime:0.000968s ]
INFO: [ action_begin ] --START--
INFO: Run Common\Behavior\LoginCheckBehavior [ RunTime:0.000632s ]
INFO: [ action_begin ] --END-- [ RunTime:0.000853s ]
SQL: SHOW COLUMNS FROM `user` [ RunTime:0.003379s ]
SQL: SELECT * FROM `user` WHERE `user_id` = 1 LIMIT 1   [ RunTime:0.000251s ]
SQL: SHOW COLUMNS FROM `course` [ RunTime:0.002887s ]
SQL: SHOW COLUMNS FROM `student` [ RunTime:0.003102s ]
SQL: SHOW COLUMNS FROM `course_choose` [ RunTime:0.003302s ]
SQL: SELECT * FROM `course` WHERE `c_id` = 1 LIMIT 1   [ RunTime:0.000237s ]
SQL: SELECT * FROM `student` INNER JOIN course_choose ON course_choose.s_id= student.id AND course_choose.c_id = 1 LEFT JOIN grade ON grade.s_id = student.id AND grade.is_base = 0 AND grade.c_id = 1   [ RunTime:0.000322s ]
NOTIC: [2] Missing argument 1 for Think\Controller::show(), called in I:\work\wamp\www\tp3\Application\Home\Controller\GradeController.class.php on line 124 and defined I:\work\wamp\www\tp3\ThinkPHP\Library\Think\Controller.class.php 第 68 行.
NOTIC: [8] Undefined variable: content I:\work\wamp\www\tp3\ThinkPHP\Library\Think\Controller.class.php 第 69 行.
INFO: [ view_parse ] --START--
INFO: [ template_filter ] --START--
INFO: Run Behavior\ContentReplaceBehavior [ RunTime:0.000087s ]
INFO: [ template_filter ] --END-- [ RunTime:0.000213s ]
INFO: Run Behavior\ParseTemplateBehavior [ RunTime:0.012862s ]
INFO: [ view_parse ] --END-- [ RunTime:0.013001s ]
INFO: [ view_filter ] --START--
INFO: Run Behavior\WriteHtmlCacheBehavior [ RunTime:0.000280s ]
INFO: [ view_filter ] --END-- [ RunTime:0.000392s ]
INFO: [ app_end ] --START--
INFO: Run Behavior\ShowPageTraceBehavior [ RunTime:0.000515s ]
INFO: [ app_end ] --END-- [ RunTime:0.000629s ]

[ 2018-01-04T00:03:04+08:00 ] ::1 /tp3/index.php?m=Home&c=grade&a=add&base=0&c_id=1
INFO: [ app_init ] --START--
INFO: Run Behavior\BuildLiteBehavior [ RunTime:0.000050s ]
INFO: [ app_init ] --END-- [ RunTime:0.000704s ]
INFO: [ app_begin ] --START--
INFO: Run Behavior\ReadHtmlCacheBehavior [ RunTime:0.001549s ]
INFO: [ app_begin ] --END-- [ RunTime:0.001819s ]
INFO: [ action_begin ] --START--
INFO: Run Common\Behavior\LoginCheckBehavior [ RunTime:0.001360s ]
INFO: [ action_begin ] --END-- [ RunTime:0.001604s ]
SQL: SHOW COLUMNS FROM `user` [ RunTime:0.006970s ]
SQL: SELECT * FROM `user` WHERE `user_id` = 1 LIMIT 1   [ RunTime:0.001909s ]
SQL: SHOW COLUMNS FROM `course` [ RunTime:0.009174s ]
SQL: SHOW COLUMNS FROM `student` [ RunTime:0.006414s ]
SQL: SHOW COLUMNS FROM `course_choose` [ RunTime:0.006677s ]
SQL: SELECT * FROM `course` WHERE `c_id` = 1 LIMIT 1   [ RunTime:0.000314s ]
SQL: SELECT * FROM `student` INNER JOIN course_choose ON course_choose.s_id= student.id AND course_choose.c_id = 1 LEFT JOIN grade ON grade.s_id = student.id AND grade.is_base = 0 AND grade.c_id = 1   [ RunTime:0.000363s ]
NOTIC: [2] Missing argument 1 for Think\Controller::show(), called in I:\work\wamp\www\tp3\Application\Home\Controller\GradeController.class.php on line 124 and defined I:\work\wamp\www\tp3\ThinkPHP\Library\Think\Controller.class.php 第 68 行.
NOTIC: [8] Undefined variable: content I:\work\wamp\www\tp3\ThinkPHP\Library\Think\Controller.class.php 第 69 行.
INFO: [ view_parse ] --START--
INFO: [ template_filter ] --START--
INFO: Run Behavior\ContentReplaceBehavior [ RunTime:0.000154s ]
INFO: [ template_filter ] --END-- [ RunTime:0.000370s ]
INFO: Run Behavior\ParseTemplateBehavior [ RunTime:0.025294s ]
INFO: [ view_parse ] --END-- [ RunTime:0.025477s ]
INFO: [ view_filter ] --START--
INFO: Run Behavior\WriteHtmlCacheBehavior [ RunTime:0.000746s ]
INFO: [ view_filter ] --END-- [ RunTime:0.000946s ]
INFO: [ app_end ] --START--
INFO: Run Behavior\ShowPageTraceBehavior [ RunTime:0.001176s ]
INFO: [ app_end ] --END-- [ RunTime:0.001379s ]

[ 2018-01-04T00:03:04+08:00 ] ::1 /tp3/index.php?m=Home&c=grade&a=add&base=0&c_id=1
INFO: [ app_init ] --START--
INFO: Run Behavior\BuildLiteBehavior [ RunTime:0.000053s ]
INFO: [ app_init ] --END-- [ RunTime:0.000704s ]
INFO: [ app_begin ] --START--
INFO: Run Behavior\ReadHtmlCacheBehavior [ RunTime:0.000995s ]
INFO: [ app_begin ] --END-- [ RunTime:0.001232s ]
INFO: [ action_begin ] --START--
INFO: Run Common\Behavior\LoginCheckBehavior [ RunTime:0.000748s ]
INFO: [ action_begin ] --END-- [ RunTime:0.001094s ]
SQL: SHOW COLUMNS FROM `user` [ RunTime:0.003942s ]
SQL: SELECT * FROM `user` WHERE `user_id` = 1 LIMIT 1   [ RunTime:0.000908s ]
SQL: SHOW COLUMNS FROM `course` [ RunTime:0.006038s ]
SQL: SHOW COLUMNS FROM `student` [ RunTime:0.004601s ]
SQL: SHOW COLUMNS FROM `course_choose` [ RunTime:0.003738s ]
SQL: SELECT * FROM `course` WHERE `c_id` = 1 LIMIT 1   [ RunTime:0.001620s ]
SQL: SELECT * FROM `student` INNER JOIN course_choose ON course_choose.s_id= student.id AND course_choose.c_id = 1 LEFT JOIN grade ON grade.s_id = student.id AND grade.is_base = 0 AND grade.c_id = 1   [ RunTime:0.002987s ]
NOTIC: [2] Missing argument 1 for Think\Controller::show(), called in I:\work\wamp\www\tp3\Application\Home\Controller\GradeController.class.php on line 124 and defined I:\work\wamp\www\tp3\ThinkPHP\Library\Think\Controller.class.php 第 68 行.
NOTIC: [8] Undefined variable: content I:\work\wamp\www\tp3\ThinkPHP\Library\Think\Controller.class.php 第 69 行.
INFO: [ view_parse ] --START--
INFO: [ template_filter ] --START--
INFO: Run Behavior\ContentReplaceBehavior [ RunTime:0.000154s ]
INFO: [ template_filter ] --END-- [ RunTime:0.000372s ]
INFO: Run Behavior\ParseTemplateBehavior [ RunTime:0.031179s ]
INFO: [ view_parse ] --END-- [ RunTime:0.031536s ]
INFO: [ view_filter ] --START--
INFO: Run Behavior\WriteHtmlCacheBehavior [ RunTime:0.000375s ]
INFO: [ view_filter ] --END-- [ RunTime:0.000586s ]
INFO: [ app_end ] --START--
INFO: Run Behavior\ShowPageTraceBehavior [ RunTime:0.000853s ]
INFO: [ app_end ] --END-- [ RunTime:0.001053s ]

[ 2018-01-04T00:03:04+08:00 ] ::1 /tp3/index.php?m=Home&c=grade&a=add&base=0&c_id=1
INFO: [ app_init ] --START--
INFO: Run Behavior\BuildLiteBehavior [ RunTime:0.000051s ]
INFO: [ app_init ] --END-- [ RunTime:0.000884s ]
INFO: [ app_begin ] --START--
INFO: Run Behavior\ReadHtmlCacheBehavior [ RunTime:0.001185s ]
INFO: [ app_begin ] --END-- [ RunTime:0.001424s ]
INFO: [ action_begin ] --START--
INFO: Run Common\Behavior\LoginCheckBehavior [ RunTime:0.001457s ]
INFO: [ action_begin ] --END-- [ RunTime:0.001707s ]
SQL: SHOW COLUMNS FROM `user` [ RunTime:0.004285s ]
SQL: SELECT * FROM `user` WHERE `user_id` = 1 LIMIT 1   [ RunTime:0.000650s ]
SQL: SHOW COLUMNS FROM `course` [ RunTime:0.003895s ]
SQL: SHOW COLUMNS FROM `student` [ RunTime:0.006242s ]
SQL: SHOW COLUMNS FROM `course_choose` [ RunTime:0.003482s ]
SQL: SELECT * FROM `course` WHERE `c_id` = 1 LIMIT 1   [ RunTime:0.000426s ]
SQL: SELECT * FROM `student` INNER JOIN course_choose ON course_choose.s_id= student.id AND course_choose.c_id = 1 LEFT JOIN grade ON grade.s_id = student.id AND grade.is_base = 0 AND grade.c_id = 1   [ RunTime:0.000588s ]
NOTIC: [2] Missing argument 1 for Think\Controller::show(), called in I:\work\wamp\www\tp3\Application\Home\Controller\GradeController.class.php on line 124 and defined I:\work\wamp\www\tp3\ThinkPHP\Library\Think\Controller.class.php 第 68 行.
NOTIC: [8] Undefined variable: content I:\work\wamp\www\tp3\ThinkPHP\Library\Think\Controller.class.php 第 69 行.
INFO: [ view_parse ] --START--
INFO: [ template_filter ] --START--
INFO: Run Behavior\ContentReplaceBehavior [ RunTime:0.000160s ]
INFO: [ template_filter ] --END-- [ RunTime:0.000387s ]
INFO: Run Behavior\ParseTemplateBehavior [ RunTime:0.027191s ]
INFO: [ view_parse ] --END-- [ RunTime:0.027371s ]
INFO: [ view_filter ] --START--
INFO: Run Behavior\WriteHtmlCacheBehavior [ RunTime:0.000418s ]
INFO: [ view_filter ] --END-- [ RunTime:0.000582s ]
INFO: [ app_end ] --START--
INFO: Run Behavior\ShowPageTraceBehavior [ RunTime:0.001008s ]
INFO: [ app_end ] --END-- [ RunTime:0.001210s ]

[ 2018-01-04T00:03:06+08:00 ] ::1 /tp3/index.php?m=Home&c=grade&a=addCheck
INFO: [ app_init ] --START--
INFO: Run Behavior\BuildLiteBehavior [ RunTime:0.000027s ]
INFO: [ app_init ] --END-- [ RunTime:0.000385s ]
INFO: [ app_begin ] --START--
INFO: Run Behavior\ReadHtmlCacheBehavior [ RunTime:0.000482s ]
INFO: [ app_begin ] --END-- [ RunTime:0.000603s ]
INFO: [ action_begin ] --START--
INFO: Run Common\Behavior\LoginCheckBehavior [ RunTime:0.000377s ]
INFO: [ action_begin ] --END-- [ RunTime:0.000512s ]
SQL: SHOW COLUMNS FROM `user` [ RunTime:0.003764s ]
SQL: SELECT * FROM `user` WHERE `user_id` = 1 LIMIT 1   [ RunTime:0.000261s ]

[ 2018-01-04T00:03:28+08:00 ] ::1 /tp3/index.php?m=Home&c=grade&a=add&base=0&c_id=1
INFO: [ app_init ] --START--
INFO: Run Behavior\BuildLiteBehavior [ RunTime:0.000051s ]
INFO: [ app_init ] --END-- [ RunTime:0.000768s ]
INFO: [ app_begin ] --START--
INFO: Run Behavior\ReadHtmlCacheBehavior [ RunTime:0.000803s ]
INFO: [ app_begin ] --END-- [ RunTime:0.001155s ]
INFO: [ action_begin ] --START--
INFO: Run Common\Behavior\LoginCheckBehavior [ RunTime:0.000547s ]
INFO: [ action_begin ] --END-- [ RunTime:0.000682s ]
SQL: SHOW COLUMNS FROM `user` [ RunTime:0.004334s ]
SQL: SELECT * FROM `user` WHERE `user_id` = 1 LIMIT 1   [ RunTime:0.000477s ]
SQL: SHOW COLUMNS FROM `course` [ RunTime:0.003079s ]
SQL: SHOW COLUMNS FROM `student` [ RunTime:0.002807s ]
SQL: SHOW COLUMNS FROM `course_choose` [ RunTime:0.002835s ]
SQL: SELECT * FROM `course` WHERE `c_id` = 1 LIMIT 1   [ RunTime:0.000264s ]
SQL: SELECT * FROM `student` INNER JOIN course_choose ON course_choose.s_id= student.id AND course_choose.c_id = 1 LEFT JOIN grade ON grade.s_id = student.id AND grade.is_base = 0 AND grade.c_id = 1   [ RunTime:0.000356s ]
NOTIC: [2] Missing argument 1 for Think\Controller::show(), called in I:\work\wamp\www\tp3\Application\Home\Controller\GradeController.class.php on line 124 and defined I:\work\wamp\www\tp3\ThinkPHP\Library\Think\Controller.class.php 第 68 行.
NOTIC: [8] Undefined variable: content I:\work\wamp\www\tp3\ThinkPHP\Library\Think\Controller.class.php 第 69 行.
INFO: [ view_parse ] --START--
INFO: [ template_filter ] --START--
INFO: Run Behavior\ContentReplaceBehavior [ RunTime:0.000092s ]
INFO: [ template_filter ] --END-- [ RunTime:0.000218s ]
INFO: Run Behavior\ParseTemplateBehavior [ RunTime:0.014430s ]
INFO: [ view_parse ] --END-- [ RunTime:0.014558s ]
INFO: [ view_filter ] --START--
INFO: Run Behavior\WriteHtmlCacheBehavior [ RunTime:0.000290s ]
INFO: [ view_filter ] --END-- [ RunTime:0.000394s ]
INFO: [ app_end ] --START--
INFO: Run Behavior\ShowPageTraceBehavior [ RunTime:0.000454s ]
INFO: [ app_end ] --END-- [ RunTime:0.000560s ]

[ 2018-01-04T00:03:31+08:00 ] ::1 /tp3/index.php?m=Home&c=grade&a=addCheck
INFO: [ app_init ] --START--
INFO: Run Behavior\BuildLiteBehavior [ RunTime:0.000033s ]
INFO: [ app_init ] --END-- [ RunTime:0.000474s ]
INFO: [ app_begin ] --START--
INFO: Run Behavior\ReadHtmlCacheBehavior [ RunTime:0.002807s ]
INFO: [ app_begin ] --END-- [ RunTime:0.003337s ]
INFO: [ action_begin ] --START--
INFO: Run Common\Behavior\LoginCheckBehavior [ RunTime:0.000625s ]
INFO: [ action_begin ] --END-- [ RunTime:0.000816s ]
SQL: SHOW COLUMNS FROM `user` [ RunTime:0.004272s ]
SQL: SELECT * FROM `user` WHERE `user_id` = 1 LIMIT 1   [ RunTime:0.000250s ]

[ 2018-01-04T00:03:34+08:00 ] ::1 /tp3/index.php?m=Home&c=grade&a=addCheck
INFO: [ app_init ] --START--
INFO: Run Behavior\BuildLiteBehavior [ RunTime:0.000032s ]
INFO: [ app_init ] --END-- [ RunTime:0.000487s ]
INFO: [ app_begin ] --START--
INFO: Run Behavior\ReadHtmlCacheBehavior [ RunTime:0.000946s ]
INFO: [ app_begin ] --END-- [ RunTime:0.001103s ]
INFO: [ action_begin ] --START--
INFO: Run Common\Behavior\LoginCheckBehavior [ RunTime:0.000807s ]
INFO: [ action_begin ] --END-- [ RunTime:0.000953s ]
SQL: SHOW COLUMNS FROM `user` [ RunTime:0.004026s ]
SQL: SELECT * FROM `user` WHERE `user_id` = 1 LIMIT 1   [ RunTime:0.000213s ]

[ 2018-01-04T00:04:43+08:00 ] ::1 /tp3/index.php?m=Home&c=grade&a=add&base=0&c_id=1
INFO: [ app_init ] --START--
INFO: Run Behavior\BuildLiteBehavior [ RunTime:0.000047s ]
INFO: [ app_init ] --END-- [ RunTime:0.000750s ]
INFO: [ app_begin ] --START--
INFO: Run Behavior\ReadHtmlCacheBehavior [ RunTime:0.000820s ]
INFO: [ app_begin ] --END-- [ RunTime:0.000984s ]
INFO: [ action_begin ] --START--
INFO: Run Common\Behavior\LoginCheckBehavior [ RunTime:0.000831s ]
INFO: [ action_begin ] --END-- [ RunTime:0.001030s ]
SQL: SHOW COLUMNS FROM `user` [ RunTime:0.003245s ]
SQL: SELECT * FROM `user` WHERE `user_id` = 1 LIMIT 1   [ RunTime:0.000287s ]
SQL: SHOW COLUMNS FROM `course` [ RunTime:0.003019s ]
SQL: SHOW COLUMNS FROM `student` [ RunTime:0.003693s ]
SQL: SHOW COLUMNS FROM `course_choose` [ RunTime:0.003244s ]
SQL: SELECT * FROM `course` WHERE `c_id` = 1 LIMIT 1   [ RunTime:0.000297s ]
SQL: SELECT * FROM `student` INNER JOIN course_choose ON course_choose.s_id= student.id AND course_choose.c_id = 1 LEFT JOIN grade ON grade.s_id = student.id AND grade.is_base = 0 AND grade.c_id = 1   [ RunTime:0.000409s ]
NOTIC: [2] Missing argument 1 for Think\Controller::show(), called in I:\work\wamp\www\tp3\Application\Home\Controller\GradeController.class.php on line 124 and defined I:\work\wamp\www\tp3\ThinkPHP\Library\Think\Controller.class.php 第 68 行.
NOTIC: [8] Undefined variable: content I:\work\wamp\www\tp3\ThinkPHP\Library\Think\Controller.class.php 第 69 行.
INFO: [ view_parse ] --START--
INFO: [ template_filter ] --START--
INFO: Run Behavior\ContentReplaceBehavior [ RunTime:0.000088s ]
INFO: [ template_filter ] --END-- [ RunTime:0.000225s ]
INFO: Run Behavior\ParseTemplateBehavior [ RunTime:0.013140s ]
INFO: [ view_parse ] --END-- [ RunTime:0.013265s ]
INFO: [ view_filter ] --START--
INFO: Run Behavior\WriteHtmlCacheBehavior [ RunTime:0.000457s ]
INFO: [ view_filter ] --END-- [ RunTime:0.000602s ]
INFO: [ app_end ] --START--
INFO: Run Behavior\ShowPageTraceBehavior [ RunTime:0.000565s ]
INFO: [ app_end ] --END-- [ RunTime:0.000669s ]

[ 2018-01-04T00:06:25+08:00 ] ::1 /tp3/index.php?m=Home&c=grade&a=add&base=0&c_id=1
INFO: [ app_init ] --START--
INFO: Run Behavior\BuildLiteBehavior [ RunTime:0.000037s ]
INFO: [ app_init ] --END-- [ RunTime:0.000582s ]
INFO: [ app_begin ] --START--
INFO: Run Behavior\ReadHtmlCacheBehavior [ RunTime:0.000804s ]
INFO: [ app_begin ] --END-- [ RunTime:0.000984s ]
INFO: [ action_begin ] --START--
INFO: Run Common\Behavior\LoginCheckBehavior [ RunTime:0.001288s ]
INFO: [ action_begin ] --END-- [ RunTime:0.001486s ]
SQL: SHOW COLUMNS FROM `user` [ RunTime:0.003930s ]
SQL: SELECT * FROM `user` WHERE `user_id` = 1 LIMIT 1   [ RunTime:0.000452s ]
SQL: SHOW COLUMNS FROM `course` [ RunTime:0.003719s ]
SQL: SHOW COLUMNS FROM `student` [ RunTime:0.003568s ]
SQL: SHOW COLUMNS FROM `course_choose` [ RunTime:0.002596s ]
SQL: SELECT * FROM `course` WHERE `c_id` = 1 LIMIT 1   [ RunTime:0.000269s ]
SQL: SELECT * FROM `student` INNER JOIN course_choose ON course_choose.s_id= student.id AND course_choose.c_id = 1 LEFT JOIN grade ON grade.s_id = student.id AND grade.is_base = 0 AND grade.c_id = 1   [ RunTime:0.000335s ]
NOTIC: [2] Missing argument 1 for Think\Controller::show(), called in I:\work\wamp\www\tp3\Application\Home\Controller\GradeController.class.php on line 124 and defined I:\work\wamp\www\tp3\ThinkPHP\Library\Think\Controller.class.php 第 68 行.
NOTIC: [8] Undefined variable: content I:\work\wamp\www\tp3\ThinkPHP\Library\Think\Controller.class.php 第 69 行.
INFO: [ view_parse ] --START--
INFO: [ template_filter ] --START--
INFO: Run Behavior\ContentReplaceBehavior [ RunTime:0.000095s ]
INFO: [ template_filter ] --END-- [ RunTime:0.000228s ]
INFO: Run Behavior\ParseTemplateBehavior [ RunTime:0.014501s ]
INFO: [ view_parse ] --END-- [ RunTime:0.014626s ]
INFO: [ view_filter ] --START--
INFO: Run Behavior\WriteHtmlCacheBehavior [ RunTime:0.000325s ]
INFO: [ view_filter ] --END-- [ RunTime:0.000450s ]
INFO: [ app_end ] --START--
INFO: Run Behavior\ShowPageTraceBehavior [ RunTime:0.000558s ]
INFO: [ app_end ] --END-- [ RunTime:0.000668s ]

[ 2018-01-04T00:06:50+08:00 ] ::1 /tp3/index.php?m=Home&c=grade&a=add&base=0&c_id=1
INFO: [ app_init ] --START--
INFO: Run Behavior\BuildLiteBehavior [ RunTime:0.000049s ]
INFO: [ app_init ] --END-- [ RunTime:0.000541s ]
INFO: [ app_begin ] --START--
INFO: Run Behavior\ReadHtmlCacheBehavior [ RunTime:0.000498s ]
INFO: [ app_begin ] --END-- [ RunTime:0.000622s ]
INFO: [ action_begin ] --START--
INFO: Run Common\Behavior\LoginCheckBehavior [ RunTime:0.000519s ]
INFO: [ action_begin ] --END-- [ RunTime:0.000633s ]
SQL: SHOW COLUMNS FROM `user` [ RunTime:0.003353s ]
SQL: SELECT * FROM `user` WHERE `user_id` = 1 LIMIT 1   [ RunTime:0.000240s ]
SQL: SHOW COLUMNS FROM `course` [ RunTime:0.002653s ]
SQL: SHOW COLUMNS FROM `student` [ RunTime:0.002896s ]
SQL: SHOW COLUMNS FROM `course_choose` [ RunTime:0.003056s ]
SQL: SELECT * FROM `course` WHERE `c_id` = 1 LIMIT 1   [ RunTime:0.000286s ]
SQL: SELECT * FROM `student` INNER JOIN course_choose ON course_choose.s_id= student.id AND course_choose.c_id = 1 LEFT JOIN grade ON grade.s_id = student.id AND grade.is_base = 0 AND grade.c_id = 1   [ RunTime:0.000376s ]
NOTIC: [2] Missing argument 1 for Think\Controller::show(), called in I:\work\wamp\www\tp3\Application\Home\Controller\GradeController.class.php on line 124 and defined I:\work\wamp\www\tp3\ThinkPHP\Library\Think\Controller.class.php 第 68 行.
NOTIC: [8] Undefined variable: content I:\work\wamp\www\tp3\ThinkPHP\Library\Think\Controller.class.php 第 69 行.
INFO: [ view_parse ] --START--
INFO: [ template_filter ] --START--
INFO: Run Behavior\ContentReplaceBehavior [ RunTime:0.000089s ]
INFO: [ template_filter ] --END-- [ RunTime:0.000228s ]
INFO: Run Behavior\ParseTemplateBehavior [ RunTime:0.014042s ]
INFO: [ view_parse ] --END-- [ RunTime:0.014222s ]
INFO: [ view_filter ] --START--
INFO: Run Behavior\WriteHtmlCacheBehavior [ RunTime:0.000395s ]
INFO: [ view_filter ] --END-- [ RunTime:0.000506s ]
INFO: [ app_end ] --START--
INFO: Run Behavior\ShowPageTraceBehavior [ RunTime:0.000484s ]
INFO: [ app_end ] --END-- [ RunTime:0.000619s ]

[ 2018-01-04T00:06:54+08:00 ] ::1 /tp3/index.php?m=Home&c=grade&a=addCheck
INFO: [ app_init ] --START--
INFO: Run Behavior\BuildLiteBehavior [ RunTime:0.000030s ]
INFO: [ app_init ] --END-- [ RunTime:0.000680s ]
INFO: [ app_begin ] --START--
INFO: Run Behavior\ReadHtmlCacheBehavior [ RunTime:0.000599s ]
INFO: [ app_begin ] --END-- [ RunTime:0.000721s ]
INFO: [ action_begin ] --START--
INFO: Run Common\Behavior\LoginCheckBehavior [ RunTime:0.000721s ]
INFO: [ action_begin ] --END-- [ RunTime:0.000837s ]
SQL: SHOW COLUMNS FROM `user` [ RunTime:0.005514s ]
SQL: SELECT * FROM `user` WHERE `user_id` = 1 LIMIT 1   [ RunTime:0.000279s ]

[ 2018-01-04T00:06:59+08:00 ] ::1 /tp3/index.php?m=Home&c=grade&a=addCheck
INFO: [ app_init ] --START--
INFO: Run Behavior\BuildLiteBehavior [ RunTime:0.000031s ]
INFO: [ app_init ] --END-- [ RunTime:0.000468s ]
INFO: [ app_begin ] --START--
INFO: Run Behavior\ReadHtmlCacheBehavior [ RunTime:0.000703s ]
INFO: [ app_begin ] --END-- [ RunTime:0.000841s ]
INFO: [ action_begin ] --START--
INFO: Run Common\Behavior\LoginCheckBehavior [ RunTime:0.001187s ]
INFO: [ action_begin ] --END-- [ RunTime:0.001352s ]
SQL: SHOW COLUMNS FROM `user` [ RunTime:0.003238s ]
SQL: SELECT * FROM `user` WHERE `user_id` = 1 LIMIT 1   [ RunTime:0.000287s ]

[ 2018-01-04T00:07:14+08:00 ] ::1 /tp3/index.php?m=Home&c=grade&a=addCheck
INFO: [ app_init ] --START--
INFO: Run Behavior\BuildLiteBehavior [ RunTime:0.000027s ]
INFO: [ app_init ] --END-- [ RunTime:0.000392s ]
INFO: [ app_begin ] --START--
INFO: Run Behavior\ReadHtmlCacheBehavior [ RunTime:0.000962s ]
INFO: [ app_begin ] --END-- [ RunTime:0.001171s ]
INFO: [ action_begin ] --START--
INFO: Run Common\Behavior\LoginCheckBehavior [ RunTime:0.000363s ]
INFO: [ action_begin ] --END-- [ RunTime:0.000486s ]
SQL: SHOW COLUMNS FROM `user` [ RunTime:0.002988s ]
SQL: SELECT * FROM `user` WHERE `user_id` = 1 LIMIT 1   [ RunTime:0.000260s ]
SQL: SHOW COLUMNS FROM `grade` [ RunTime:0.003560s ]
SQL: SELECT * FROM `grade` WHERE `s_id` = 4 AND `c_id` = 1 AND `is_base` = 0 LIMIT 1   [ RunTime:0.000286s ]
SQL: SHOW COLUMNS FROM `student` [ RunTime:0.003832s ]
SQL: SELECT * FROM `student` WHERE `id` = 4 LIMIT 1   [ RunTime:0.000273s ]
SQL: SHOW COLUMNS FROM `class` [ RunTime:0.003271s ]
SQL: SELECT * FROM `class` WHERE `major` = '网络工程' AND `class` = 1 LIMIT 1   [ RunTime:0.000332s ]
SQL: INSERT INTO `grade` (`c_id`,`s_id`,`is_base`,`course_name`,`usual_score`,`final_score`,`class_id`) VALUES (1,4,0,'健康人生',12,12,1) [ RunTime:0.003050s ]
INFO: [ view_parse ] --START--
INFO: [ template_filter ] --START--
INFO: Run Behavior\ContentReplaceBehavior [ RunTime:0.000059s ]
INFO: [ template_filter ] --END-- [ RunTime:0.000186s ]
INFO: Run Behavior\ParseTemplateBehavior [ RunTime:0.007657s ]
INFO: [ view_parse ] --END-- [ RunTime:0.007800s ]
INFO: [ view_filter ] --START--
INFO: Run Behavior\WriteHtmlCacheBehavior [ RunTime:0.000239s ]
INFO: [ view_filter ] --END-- [ RunTime:0.000360s ]
INFO: [ app_end ] --START--
INFO: Run Behavior\ShowPageTraceBehavior [ RunTime:0.000425s ]
INFO: [ app_end ] --END-- [ RunTime:0.000538s ]

[ 2018-01-04T00:07:15+08:00 ] ::1 /tp3/index.php?m=Home&c=grade&a=add&base=0&c_id=1
INFO: [ app_init ] --START--
INFO: Run Behavior\BuildLiteBehavior [ RunTime:0.000026s ]
INFO: [ app_init ] --END-- [ RunTime:0.000359s ]
INFO: [ app_begin ] --START--
INFO: Run Behavior\ReadHtmlCacheBehavior [ RunTime:0.000531s ]
INFO: [ app_begin ] --END-- [ RunTime:0.000659s ]
INFO: [ action_begin ] --START--
INFO: Run Common\Behavior\LoginCheckBehavior [ RunTime:0.000367s ]
INFO: [ action_begin ] --END-- [ RunTime:0.000514s ]
SQL: SHOW COLUMNS FROM `user` [ RunTime:0.003317s ]
SQL: SELECT * FROM `user` WHERE `user_id` = 1 LIMIT 1   [ RunTime:0.000249s ]
SQL: SHOW COLUMNS FROM `course` [ RunTime:0.002522s ]
SQL: SHOW COLUMNS FROM `student` [ RunTime:0.013687s ]
SQL: SHOW COLUMNS FROM `course_choose` [ RunTime:0.002684s ]
SQL: SELECT * FROM `course` WHERE `c_id` = 1 LIMIT 1   [ RunTime:0.001931s ]
SQL: SELECT * FROM `student` INNER JOIN course_choose ON course_choose.s_id= student.id AND course_choose.c_id = 1 LEFT JOIN grade ON grade.s_id = student.id AND grade.is_base = 0 AND grade.c_id = 1   [ RunTime:0.002529s ]
NOTIC: [2] Missing argument 1 for Think\Controller::show(), called in I:\work\wamp\www\tp3\Application\Home\Controller\GradeController.class.php on line 124 and defined I:\work\wamp\www\tp3\ThinkPHP\Library\Think\Controller.class.php 第 68 行.
NOTIC: [8] Undefined variable: content I:\work\wamp\www\tp3\ThinkPHP\Library\Think\Controller.class.php 第 69 行.
INFO: [ view_parse ] --START--
INFO: [ template_filter ] --START--
INFO: Run Behavior\ContentReplaceBehavior [ RunTime:0.000095s ]
INFO: [ template_filter ] --END-- [ RunTime:0.000228s ]
INFO: Run Behavior\ParseTemplateBehavior [ RunTime:0.022223s ]
INFO: [ view_parse ] --END-- [ RunTime:0.022480s ]
INFO: [ view_filter ] --START--
INFO: Run Behavior\WriteHtmlCacheBehavior [ RunTime:0.000255s ]
INFO: [ view_filter ] --END-- [ RunTime:0.000392s ]
INFO: [ app_end ] --START--
INFO: Run Behavior\ShowPageTraceBehavior [ RunTime:0.004122s ]
INFO: [ app_end ] --END-- [ RunTime:0.004358s ]

[ 2018-01-04T00:07:19+08:00 ] ::1 /tp3/index.php?m=Home&c=grade&a=addCheck
INFO: [ app_init ] --START--
INFO: Run Behavior\BuildLiteBehavior [ RunTime:0.000035s ]
INFO: [ app_init ] --END-- [ RunTime:0.000438s ]
INFO: [ app_begin ] --START--
INFO: Run Behavior\ReadHtmlCacheBehavior [ RunTime:0.000494s ]
INFO: [ app_begin ] --END-- [ RunTime:0.000629s ]
INFO: [ action_begin ] --START--
INFO: Run Common\Behavior\LoginCheckBehavior [ RunTime:0.000718s ]
INFO: [ action_begin ] --END-- [ RunTime:0.000891s ]
SQL: SHOW COLUMNS FROM `user` [ RunTime:0.003463s ]
SQL: SELECT * FROM `user` WHERE `user_id` = 1 LIMIT 1   [ RunTime:0.000274s ]
SQL: SHOW COLUMNS FROM `grade` [ RunTime:0.002897s ]
SQL: SELECT * FROM `grade` WHERE `s_id` = 4 AND `c_id` = 1 AND `is_base` = 0 LIMIT 1   [ RunTime:0.000293s ]
SQL: UPDATE `grade` SET `c_id`=1,`s_id`=4,`is_base`=0,`course_name`='健康人生',`usual_score`=67,`final_score`=12 WHERE `s_id` = 4 AND `c_id` = 1 AND `is_base` = 0 [ RunTime:0.002261s ]
INFO: [ view_parse ] --START--
INFO: [ template_filter ] --START--
INFO: Run Behavior\ContentReplaceBehavior [ RunTime:0.000056s ]
INFO: [ template_filter ] --END-- [ RunTime:0.000175s ]
INFO: Run Behavior\ParseTemplateBehavior [ RunTime:0.006207s ]
INFO: [ view_parse ] --END-- [ RunTime:0.006380s ]
INFO: [ view_filter ] --START--
INFO: Run Behavior\WriteHtmlCacheBehavior [ RunTime:0.000237s ]
INFO: [ view_filter ] --END-- [ RunTime:0.000360s ]
INFO: [ app_end ] --START--
INFO: Run Behavior\ShowPageTraceBehavior [ RunTime:0.000454s ]
INFO: [ app_end ] --END-- [ RunTime:0.000558s ]

[ 2018-01-04T00:07:20+08:00 ] ::1 /tp3/index.php?m=Home&c=grade&a=add&base=0&c_id=1
INFO: [ app_init ] --START--
INFO: Run Behavior\BuildLiteBehavior [ RunTime:0.000038s ]
INFO: [ app_init ] --END-- [ RunTime:0.000553s ]
INFO: [ app_begin ] --START--
INFO: Run Behavior\ReadHtmlCacheBehavior [ RunTime:0.000719s ]
INFO: [ app_begin ] --END-- [ RunTime:0.000907s ]
INFO: [ action_begin ] --START--
INFO: Run Common\Behavior\LoginCheckBehavior [ RunTime:0.000551s ]
INFO: [ action_begin ] --END-- [ RunTime:0.000726s ]
SQL: SHOW COLUMNS FROM `user` [ RunTime:0.002691s ]
SQL: SELECT * FROM `user` WHERE `user_id` = 1 LIMIT 1   [ RunTime:0.000234s ]
SQL: SHOW COLUMNS FROM `course` [ RunTime:0.003094s ]
SQL: SHOW COLUMNS FROM `student` [ RunTime:0.003840s ]
SQL: SHOW COLUMNS FROM `course_choose` [ RunTime:0.002464s ]
SQL: SELECT * FROM `course` WHERE `c_id` = 1 LIMIT 1   [ RunTime:0.000231s ]
SQL: SELECT * FROM `student` INNER JOIN course_choose ON course_choose.s_id= student.id AND course_choose.c_id = 1 LEFT JOIN grade ON grade.s_id = student.id AND grade.is_base = 0 AND grade.c_id = 1   [ RunTime:0.000357s ]
NOTIC: [2] Missing argument 1 for Think\Controller::show(), called in I:\work\wamp\www\tp3\Application\Home\Controller\GradeController.class.php on line 124 and defined I:\work\wamp\www\tp3\ThinkPHP\Library\Think\Controller.class.php 第 68 行.
NOTIC: [8] Undefined variable: content I:\work\wamp\www\tp3\ThinkPHP\Library\Think\Controller.class.php 第 69 行.
INFO: [ view_parse ] --START--
INFO: [ template_filter ] --START--
INFO: Run Behavior\ContentReplaceBehavior [ RunTime:0.000091s ]
INFO: [ template_filter ] --END-- [ RunTime:0.000216s ]
INFO: Run Behavior\ParseTemplateBehavior [ RunTime:0.013255s ]
INFO: [ view_parse ] --END-- [ RunTime:0.013397s ]
INFO: [ view_filter ] --START--
INFO: Run Behavior\WriteHtmlCacheBehavior [ RunTime:0.000228s ]
INFO: [ view_filter ] --END-- [ RunTime:0.000341s ]
INFO: [ app_end ] --START--
INFO: Run Behavior\ShowPageTraceBehavior [ RunTime:0.000437s ]
INFO: [ app_end ] --END-- [ RunTime:0.000544s ]

[ 2018-01-04T08:39:34+08:00 ] ::1 /tp3/index.php?m=Home&c=Index&a=index
INFO: [ app_init ] --START--
INFO: Run Behavior\BuildLiteBehavior [ RunTime:0.000036s ]
INFO: [ app_init ] --END-- [ RunTime:0.001018s ]
INFO: [ app_begin ] --START--
INFO: Run Behavior\ReadHtmlCacheBehavior [ RunTime:0.001348s ]
INFO: [ app_begin ] --END-- [ RunTime:0.001558s ]
INFO: [ action_begin ] --START--
INFO: Run Common\Behavior\LoginCheckBehavior [ RunTime:0.001952s ]
INFO: [ action_begin ] --END-- [ RunTime:0.002167s ]
SQL: SHOW COLUMNS FROM `user` [ RunTime:0.002745s ]
SQL: SELECT * FROM `user` WHERE `user_id` = 1 LIMIT 1   [ RunTime:0.000423s ]
NOTIC: [2] Missing argument 1 for Think\Controller::show(), called in I:\work\wamp\www\tp3\Application\Home\Controller\IndexController.class.php on line 26 and defined I:\work\wamp\www\tp3\ThinkPHP\Library\Think\Controller.class.php 第 68 行.
NOTIC: [8] Undefined variable: content I:\work\wamp\www\tp3\ThinkPHP\Library\Think\Controller.class.php 第 69 行.
INFO: [ view_parse ] --START--
INFO: [ template_filter ] --START--
INFO: Run Behavior\ContentReplaceBehavior [ RunTime:0.000089s ]
INFO: [ template_filter ] --END-- [ RunTime:0.000220s ]
INFO: Run Behavior\ParseTemplateBehavior [ RunTime:0.016842s ]
INFO: [ view_parse ] --END-- [ RunTime:0.017065s ]
INFO: [ view_filter ] --START--
INFO: Run Behavior\WriteHtmlCacheBehavior [ RunTime:0.001001s ]
INFO: [ view_filter ] --END-- [ RunTime:0.001215s ]
INFO: [ app_end ] --START--
INFO: Run Behavior\ShowPageTraceBehavior [ RunTime:0.001344s ]
INFO: [ app_end ] --END-- [ RunTime:0.001522s ]

[ 2018-01-04T08:39:37+08:00 ] ::1 /tp3/index.php?m=Home&c=public&a=logout
INFO: [ app_init ] --START--
INFO: Run Behavior\BuildLiteBehavior [ RunTime:0.000026s ]
INFO: [ app_init ] --END-- [ RunTime:0.000429s ]
INFO: [ app_begin ] --START--
INFO: Run Behavior\ReadHtmlCacheBehavior [ RunTime:0.000602s ]
INFO: [ app_begin ] --END-- [ RunTime:0.000726s ]
INFO: [ action_begin ] --START--
INFO: Run Common\Behavior\LoginCheckBehavior [ RunTime:0.001278s ]
INFO: [ action_begin ] --END-- [ RunTime:0.001599s ]
INFO: [ view_parse ] --START--
INFO: [ template_filter ] --START--
INFO: Run Behavior\ContentReplaceBehavior [ RunTime:0.000065s ]
INFO: [ template_filter ] --END-- [ RunTime:0.000211s ]
INFO: Run Behavior\ParseTemplateBehavior [ RunTime:0.007046s ]
INFO: [ view_parse ] --END-- [ RunTime:0.007202s ]
INFO: [ view_filter ] --START--
INFO: Run Behavior\WriteHtmlCacheBehavior [ RunTime:0.000390s ]
INFO: [ view_filter ] --END-- [ RunTime:0.000501s ]
INFO: [ app_end ] --START--
INFO: Run Behavior\ShowPageTraceBehavior [ RunTime:0.000675s ]
INFO: [ app_end ] --END-- [ RunTime:0.000781s ]

[ 2018-01-04T08:39:38+08:00 ] ::1 /tp3/index.php?m=Home&c=public&a=login
INFO: [ app_init ] --START--
INFO: Run Behavior\BuildLiteBehavior [ RunTime:0.000059s ]
INFO: [ app_init ] --END-- [ RunTime:0.000879s ]
INFO: [ app_begin ] --START--
INFO: Run Behavior\ReadHtmlCacheBehavior [ RunTime:0.004318s ]
INFO: [ app_begin ] --END-- [ RunTime:0.005275s ]
INFO: [ action_begin ] --START--
INFO: Run Common\Behavior\LoginCheckBehavior [ RunTime:0.001409s ]
INFO: [ action_begin ] --END-- [ RunTime:0.001636s ]
INFO: [ view_parse ] --START--
INFO: [ template_filter ] --START--
INFO: Run Behavior\ContentReplaceBehavior [ RunTime:0.000110s ]
INFO: [ template_filter ] --END-- [ RunTime:0.000319s ]
INFO: Run Behavior\ParseTemplateBehavior [ RunTime:0.013349s ]
INFO: [ view_parse ] --END-- [ RunTime:0.013519s ]
INFO: [ view_filter ] --START--
INFO: Run Behavior\WriteHtmlCacheBehavior [ RunTime:0.000679s ]
INFO: [ view_filter ] --END-- [ RunTime:0.000880s ]
INFO: [ app_end ] --START--
INFO: Run Behavior\ShowPageTraceBehavior [ RunTime:0.001010s ]
INFO: [ app_end ] --END-- [ RunTime:0.001199s ]

[ 2018-01-04T08:40:31+08:00 ] ::1 /tp3/index.php?m=Home&c=public&a=checkLogin
INFO: [ app_init ] --START--
INFO: Run Behavior\BuildLiteBehavior [ RunTime:0.000047s ]
INFO: [ app_init ] --END-- [ RunTime:0.000687s ]
INFO: [ app_begin ] --START--
INFO: Run Behavior\ReadHtmlCacheBehavior [ RunTime:0.001321s ]
INFO: [ app_begin ] --END-- [ RunTime:0.001611s ]
INFO: [ action_begin ] --START--
INFO: Run Common\Behavior\LoginCheckBehavior [ RunTime:0.000691s ]
INFO: [ action_begin ] --END-- [ RunTime:0.000868s ]
SQL: SHOW COLUMNS FROM `user` [ RunTime:0.003271s ]
SQL: SELECT * FROM `user` WHERE `number` = 1 LIMIT 1   [ RunTime:0.000325s ]
INFO: [ view_parse ] --START--
INFO: [ template_filter ] --START--
INFO: Run Behavior\ContentReplaceBehavior [ RunTime:0.000060s ]
INFO: [ template_filter ] --END-- [ RunTime:0.000184s ]
INFO: Run Behavior\ParseTemplateBehavior [ RunTime:0.007496s ]
INFO: [ view_parse ] --END-- [ RunTime:0.007621s ]
INFO: [ view_filter ] --START--
INFO: Run Behavior\WriteHtmlCacheBehavior [ RunTime:0.000392s ]
INFO: [ view_filter ] --END-- [ RunTime:0.000504s ]
INFO: [ app_end ] --START--
INFO: Run Behavior\ShowPageTraceBehavior [ RunTime:0.001105s ]
INFO: [ app_end ] --END-- [ RunTime:0.001301s ]

[ 2018-01-04T08:40:32+08:00 ] ::1 /tp3/index.php?m=Home&c=Index&a=index
INFO: [ app_init ] --START--
INFO: Run Behavior\BuildLiteBehavior [ RunTime:0.000074s ]
INFO: [ app_init ] --END-- [ RunTime:0.001110s ]
INFO: [ app_begin ] --START--
INFO: Run Behavior\ReadHtmlCacheBehavior [ RunTime:0.001724s ]
INFO: [ app_begin ] --END-- [ RunTime:0.002087s ]
INFO: [ action_begin ] --START--
INFO: Run Common\Behavior\LoginCheckBehavior [ RunTime:0.001363s ]
INFO: [ action_begin ] --END-- [ RunTime:0.001706s ]
SQL: SHOW COLUMNS FROM `user` [ RunTime:0.005612s ]
SQL: SELECT * FROM `user` WHERE `user_id` = 1 LIMIT 1   [ RunTime:0.000363s ]
NOTIC: [2] Missing argument 1 for Think\Controller::show(), called in I:\work\wamp\www\tp3\Application\Home\Controller\IndexController.class.php on line 26 and defined I:\work\wamp\www\tp3\ThinkPHP\Library\Think\Controller.class.php 第 68 行.
NOTIC: [8] Undefined variable: content I:\work\wamp\www\tp3\ThinkPHP\Library\Think\Controller.class.php 第 69 行.
INFO: [ view_parse ] --START--
INFO: [ template_filter ] --START--
INFO: Run Behavior\ContentReplaceBehavior [ RunTime:0.000148s ]
INFO: [ template_filter ] --END-- [ RunTime:0.000364s ]
INFO: Run Behavior\ParseTemplateBehavior [ RunTime:0.017617s ]
INFO: [ view_parse ] --END-- [ RunTime:0.017862s ]
INFO: [ view_filter ] --START--
INFO: Run Behavior\WriteHtmlCacheBehavior [ RunTime:0.000813s ]
INFO: [ view_filter ] --END-- [ RunTime:0.001027s ]
INFO: [ app_end ] --START--
INFO: Run Behavior\ShowPageTraceBehavior [ RunTime:0.001113s ]
INFO: [ app_end ] --END-- [ RunTime:0.001325s ]

[ 2018-01-04T08:40:36+08:00 ] ::1 /tp3/index.php?m=Home&c=student&a=query
INFO: [ app_init ] --START--
INFO: Run Behavior\BuildLiteBehavior [ RunTime:0.000029s ]
INFO: [ app_init ] --END-- [ RunTime:0.000456s ]
INFO: [ app_begin ] --START--
INFO: Run Behavior\ReadHtmlCacheBehavior [ RunTime:0.000851s ]
INFO: [ app_begin ] --END-- [ RunTime:0.001008s ]
INFO: [ action_begin ] --START--
INFO: Run Common\Behavior\LoginCheckBehavior [ RunTime:0.000776s ]
INFO: [ action_begin ] --END-- [ RunTime:0.000941s ]
SQL: SHOW COLUMNS FROM `user` [ RunTime:0.003160s ]
SQL: SELECT * FROM `user` WHERE `user_id` = 1 LIMIT 1   [ RunTime:0.000286s ]
SQL: SHOW COLUMNS FROM `student` [ RunTime:0.002937s ]
SQL: SELECT * FROM `student`  [ RunTime:0.000277s ]
NOTIC: [2] Missing argument 1 for Think\Controller::show(), called in I:\work\wamp\www\tp3\Application\Home\Controller\StudentController.class.php on line 14 and defined I:\work\wamp\www\tp3\ThinkPHP\Library\Think\Controller.class.php 第 68 行.
NOTIC: [8] Undefined variable: content I:\work\wamp\www\tp3\ThinkPHP\Library\Think\Controller.class.php 第 69 行.
INFO: [ view_parse ] --START--
INFO: [ template_filter ] --START--
INFO: Run Behavior\ContentReplaceBehavior [ RunTime:0.000104s ]
INFO: [ template_filter ] --END-- [ RunTime:0.000266s ]
INFO: Run Behavior\ParseTemplateBehavior [ RunTime:0.015614s ]
INFO: [ view_parse ] --END-- [ RunTime:0.015779s ]
INFO: [ view_filter ] --START--
INFO: Run Behavior\WriteHtmlCacheBehavior [ RunTime:0.000516s ]
INFO: [ view_filter ] --END-- [ RunTime:0.000660s ]
INFO: [ app_end ] --START--
INFO: Run Behavior\ShowPageTraceBehavior [ RunTime:0.001120s ]
INFO: [ app_end ] --END-- [ RunTime:0.001274s ]

[ 2018-01-04T08:40:38+08:00 ] ::1 /tp3/index.php?m=Home&c=student&a=add
INFO: [ app_init ] --START--
INFO: Run Behavior\BuildLiteBehavior [ RunTime:0.000031s ]
INFO: [ app_init ] --END-- [ RunTime:0.000469s ]
INFO: [ app_begin ] --START--
INFO: Run Behavior\ReadHtmlCacheBehavior [ RunTime:0.000709s ]
INFO: [ app_begin ] --END-- [ RunTime:0.000845s ]
INFO: [ action_begin ] --START--
INFO: Run Common\Behavior\LoginCheckBehavior [ RunTime:0.000771s ]
INFO: [ action_begin ] --END-- [ RunTime:0.000917s ]
SQL: SHOW COLUMNS FROM `user` [ RunTime:0.003117s ]
SQL: SELECT * FROM `user` WHERE `user_id` = 1 LIMIT 1   [ RunTime:0.000275s ]
NOTIC: [2] Missing argument 1 for Think\Controller::show(), called in I:\work\wamp\www\tp3\Application\Home\Controller\StudentController.class.php on line 18 and defined I:\work\wamp\www\tp3\ThinkPHP\Library\Think\Controller.class.php 第 68 行.
NOTIC: [8] Undefined variable: content I:\work\wamp\www\tp3\ThinkPHP\Library\Think\Controller.class.php 第 69 行.
INFO: [ view_parse ] --START--
INFO: [ template_filter ] --START--
INFO: Run Behavior\ContentReplaceBehavior [ RunTime:0.000103s ]
INFO: [ template_filter ] --END-- [ RunTime:0.000246s ]
INFO: Run Behavior\ParseTemplateBehavior [ RunTime:0.011384s ]
INFO: [ view_parse ] --END-- [ RunTime:0.011541s ]
INFO: [ view_filter ] --START--
INFO: Run Behavior\WriteHtmlCacheBehavior [ RunTime:0.000500s ]
INFO: [ view_filter ] --END-- [ RunTime:0.000638s ]
INFO: [ app_end ] --START--
INFO: Run Behavior\ShowPageTraceBehavior [ RunTime:0.000722s ]
INFO: [ app_end ] --END-- [ RunTime:0.000852s ]

[ 2018-01-04T08:40:57+08:00 ] ::1 /tp3/index.php?m=Home&c=Student&a=addCheck
INFO: [ app_init ] --START--
INFO: Run Behavior\BuildLiteBehavior [ RunTime:0.000033s ]
INFO: [ app_init ] --END-- [ RunTime:0.000492s ]
INFO: [ app_begin ] --START--
INFO: Run Behavior\ReadHtmlCacheBehavior [ RunTime:0.000844s ]
INFO: [ app_begin ] --END-- [ RunTime:0.001001s ]
INFO: [ action_begin ] --START--
INFO: Run Common\Behavior\LoginCheckBehavior [ RunTime:0.000651s ]
INFO: [ action_begin ] --END-- [ RunTime:0.000777s ]
SQL: SHOW COLUMNS FROM `user` [ RunTime:0.004216s ]
SQL: SELECT * FROM `user` WHERE `user_id` = 1 LIMIT 1   [ RunTime:0.000293s ]
SQL: SHOW COLUMNS FROM `student` [ RunTime:0.002974s ]
SQL: INSERT INTO `student` (`no`,`name`,`sex`,`class`,`major`) VALUES (2017009,'aaa','男',1,'网络工程') [ RunTime:0.002085s ]
INFO: [ view_parse ] --START--
INFO: [ template_filter ] --START--
INFO: Run Behavior\ContentReplaceBehavior [ RunTime:0.000058s ]
INFO: [ template_filter ] --END-- [ RunTime:0.000174s ]
INFO: Run Behavior\ParseTemplateBehavior [ RunTime:0.006887s ]
INFO: [ view_parse ] --END-- [ RunTime:0.007007s ]
INFO: [ view_filter ] --START--
INFO: Run Behavior\WriteHtmlCacheBehavior [ RunTime:0.000436s ]
INFO: [ view_filter ] --END-- [ RunTime:0.000557s ]
INFO: [ app_end ] --START--
INFO: Run Behavior\ShowPageTraceBehavior [ RunTime:0.000620s ]
INFO: [ app_end ] --END-- [ RunTime:0.000726s ]

[ 2018-01-04T08:40:58+08:00 ] ::1 /tp3/index.php?m=Home&c=student&a=query
INFO: [ app_init ] --START--
INFO: Run Behavior\BuildLiteBehavior [ RunTime:0.000104s ]
INFO: [ app_init ] --END-- [ RunTime:0.001613s ]
INFO: [ app_begin ] --START--
INFO: Run Behavior\ReadHtmlCacheBehavior [ RunTime:0.002556s ]
INFO: [ app_begin ] --END-- [ RunTime:0.003071s ]
INFO: [ action_begin ] --START--
INFO: Run Common\Behavior\LoginCheckBehavior [ RunTime:0.002802s ]
INFO: [ action_begin ] --END-- [ RunTime:0.003312s ]
SQL: SHOW COLUMNS FROM `user` [ RunTime:0.011009s ]
SQL: SELECT * FROM `user` WHERE `user_id` = 1 LIMIT 1   [ RunTime:0.000803s ]
SQL: SHOW COLUMNS FROM `student` [ RunTime:0.009735s ]
SQL: SELECT * FROM `student`  [ RunTime:0.000866s ]
NOTIC: [2] Missing argument 1 for Think\Controller::show(), called in I:\work\wamp\www\tp3\Application\Home\Controller\StudentController.class.php on line 14 and defined I:\work\wamp\www\tp3\ThinkPHP\Library\Think\Controller.class.php 第 68 行.
NOTIC: [8] Undefined variable: content I:\work\wamp\www\tp3\ThinkPHP\Library\Think\Controller.class.php 第 69 行.
INFO: [ view_parse ] --START--
INFO: [ template_filter ] --START--
INFO: Run Behavior\ContentReplaceBehavior [ RunTime:0.000336s ]
INFO: [ template_filter ] --END-- [ RunTime:0.000860s ]
INFO: Run Behavior\ParseTemplateBehavior [ RunTime:0.056768s ]
INFO: [ view_parse ] --END-- [ RunTime:0.057310s ]
INFO: [ view_filter ] --START--
INFO: Run Behavior\WriteHtmlCacheBehavior [ RunTime:0.001902s ]
INFO: [ view_filter ] --END-- [ RunTime:0.002382s ]
INFO: [ app_end ] --START--
INFO: Run Behavior\ShowPageTraceBehavior [ RunTime:0.002562s ]
INFO: [ app_end ] --END-- [ RunTime:0.003013s ]

[ 2018-01-04T08:41:04+08:00 ] ::1 /tp3/index.php?m=Home&c=grade&a=studentGrade
INFO: [ app_init ] --START--
INFO: Run Behavior\BuildLiteBehavior [ RunTime:0.000030s ]
INFO: [ app_init ] --END-- [ RunTime:0.000463s ]
INFO: [ app_begin ] --START--
INFO: Run Behavior\ReadHtmlCacheBehavior [ RunTime:0.000702s ]
INFO: [ app_begin ] --END-- [ RunTime:0.000841s ]
INFO: [ action_begin ] --START--
INFO: Run Common\Behavior\LoginCheckBehavior [ RunTime:0.000797s ]
INFO: [ action_begin ] --END-- [ RunTime:0.000949s ]
SQL: SHOW COLUMNS FROM `user` [ RunTime:0.003178s ]
SQL: SELECT * FROM `user` WHERE `user_id` = 1 LIMIT 1   [ RunTime:0.000275s ]
SQL: SHOW COLUMNS FROM `student` [ RunTime:0.003099s ]
SQL: SHOW COLUMNS FROM `grade` [ RunTime:0.004070s ]
SQL: SELECT * FROM `student` LEFT JOIN grade ON grade.s_id = student.id   [ RunTime:0.000404s ]
NOTIC: [2] Missing argument 1 for Think\Controller::show(), called in I:\work\wamp\www\tp3\Application\Home\Controller\GradeController.class.php on line 54 and defined I:\work\wamp\www\tp3\ThinkPHP\Library\Think\Controller.class.php 第 68 行.
NOTIC: [8] Undefined variable: content I:\work\wamp\www\tp3\ThinkPHP\Library\Think\Controller.class.php 第 69 行.
INFO: [ view_parse ] --START--
INFO: [ template_filter ] --START--
INFO: Run Behavior\ContentReplaceBehavior [ RunTime:0.000099s ]
INFO: [ template_filter ] --END-- [ RunTime:0.000258s ]
INFO: Run Behavior\ParseTemplateBehavior [ RunTime:0.016246s ]
INFO: [ view_parse ] --END-- [ RunTime:0.016416s ]
INFO: [ view_filter ] --START--
INFO: Run Behavior\WriteHtmlCacheBehavior [ RunTime:0.000514s ]
INFO: [ view_filter ] --END-- [ RunTime:0.000657s ]
INFO: [ app_end ] --START--
INFO: Run Behavior\ShowPageTraceBehavior [ RunTime:0.000738s ]
INFO: [ app_end ] --END-- [ RunTime:0.000869s ]

[ 2018-01-04T08:41:07+08:00 ] ::1 /tp3/index.php?m=Home&c=grade&a=input
INFO: [ app_init ] --START--
INFO: Run Behavior\BuildLiteBehavior [ RunTime:0.000029s ]
INFO: [ app_init ] --END-- [ RunTime:0.000462s ]
INFO: [ app_begin ] --START--
INFO: Run Behavior\ReadHtmlCacheBehavior [ RunTime:0.000704s ]
INFO: [ app_begin ] --END-- [ RunTime:0.000844s ]
INFO: [ action_begin ] --START--
INFO: Run Common\Behavior\LoginCheckBehavior [ RunTime:0.000779s ]
INFO: [ action_begin ] --END-- [ RunTime:0.000926s ]
SQL: SHOW COLUMNS FROM `user` [ RunTime:0.003212s ]
SQL: SELECT * FROM `user` WHERE `user_id` = 1 LIMIT 1   [ RunTime:0.000295s ]
SQL: SHOW COLUMNS FROM `course` [ RunTime:0.003136s ]
SQL: SELECT * FROM `course`  [ RunTime:0.000319s ]
SQL: SHOW COLUMNS FROM `base_course` [ RunTime:0.003025s ]
SQL: SELECT * FROM `base_course`  [ RunTime:0.000323s ]
NOTIC: [2] Missing argument 1 for Think\Controller::show(), called in I:\work\wamp\www\tp3\Application\Home\Controller\GradeController.class.php on line 136 and defined I:\work\wamp\www\tp3\ThinkPHP\Library\Think\Controller.class.php 第 68 行.
NOTIC: [8] Undefined variable: content I:\work\wamp\www\tp3\ThinkPHP\Library\Think\Controller.class.php 第 69 行.
INFO: [ view_parse ] --START--
INFO: [ template_filter ] --START--
INFO: Run Behavior\ContentReplaceBehavior [ RunTime:0.000098s ]
INFO: [ template_filter ] --END-- [ RunTime:0.000234s ]
INFO: Run Behavior\ParseTemplateBehavior [ RunTime:0.015401s ]
INFO: [ view_parse ] --END-- [ RunTime:0.015587s ]
INFO: [ view_filter ] --START--
INFO: Run Behavior\WriteHtmlCacheBehavior [ RunTime:0.000572s ]
INFO: [ view_filter ] --END-- [ RunTime:0.000712s ]
INFO: [ app_end ] --START--
INFO: Run Behavior\ShowPageTraceBehavior [ RunTime:0.000733s ]
INFO: [ app_end ] --END-- [ RunTime:0.000861s ]

[ 2018-01-04T08:41:13+08:00 ] ::1 /tp3/index.php?m=Home&c=grade&a=add&base=1&bc_id=1
INFO: [ app_init ] --START--
INFO: Run Behavior\BuildLiteBehavior [ RunTime:0.000030s ]
INFO: [ app_init ] --END-- [ RunTime:0.000458s ]
INFO: [ app_begin ] --START--
INFO: Run Behavior\ReadHtmlCacheBehavior [ RunTime:0.000702s ]
INFO: [ app_begin ] --END-- [ RunTime:0.000843s ]
INFO: [ action_begin ] --START--
INFO: Run Common\Behavior\LoginCheckBehavior [ RunTime:0.000768s ]
INFO: [ action_begin ] --END-- [ RunTime:0.000914s ]
SQL: SHOW COLUMNS FROM `user` [ RunTime:0.003545s ]
SQL: SELECT * FROM `user` WHERE `user_id` = 1 LIMIT 1   [ RunTime:0.000276s ]
SQL: SHOW COLUMNS FROM `base_course` [ RunTime:0.002997s ]
SQL: SHOW COLUMNS FROM `student` [ RunTime:0.004687s ]
SQL: SELECT * FROM `base_course` WHERE `bc_id` = 1 LIMIT 1   [ RunTime:0.000346s ]
SQL: SELECT * FROM `student` LEFT JOIN grade ON grade.s_id = student.id AND grade.is_base = 1 AND grade.c_id = 1  WHERE `major` = '网络工程'  [ RunTime:0.000376s ]
NOTIC: [2] Missing argument 1 for Think\Controller::show(), called in I:\work\wamp\www\tp3\Application\Home\Controller\GradeController.class.php on line 124 and defined I:\work\wamp\www\tp3\ThinkPHP\Library\Think\Controller.class.php 第 68 行.
NOTIC: [8] Undefined variable: content I:\work\wamp\www\tp3\ThinkPHP\Library\Think\Controller.class.php 第 69 行.
INFO: [ view_parse ] --START--
INFO: [ template_filter ] --START--
INFO: Run Behavior\ContentReplaceBehavior [ RunTime:0.000146s ]
INFO: [ template_filter ] --END-- [ RunTime:0.000320s ]
INFO: Run Behavior\ParseTemplateBehavior [ RunTime:0.015227s ]
INFO: [ view_parse ] --END-- [ RunTime:0.015388s ]
INFO: [ view_filter ] --START--
INFO: Run Behavior\WriteHtmlCacheBehavior [ RunTime:0.000475s ]
INFO: [ view_filter ] --END-- [ RunTime:0.000613s ]
INFO: [ app_end ] --START--
INFO: Run Behavior\ShowPageTraceBehavior [ RunTime:0.000716s ]
INFO: [ app_end ] --END-- [ RunTime:0.000848s ]

[ 2018-01-04T08:41:21+08:00 ] ::1 /tp3/index.php?m=Home&c=grade&a=addCheck
INFO: [ app_init ] --START--
INFO: Run Behavior\BuildLiteBehavior [ RunTime:0.000068s ]
INFO: [ app_init ] --END-- [ RunTime:0.001155s ]
INFO: [ app_begin ] --START--
INFO: Run Behavior\ReadHtmlCacheBehavior [ RunTime:0.000703s ]
INFO: [ app_begin ] --END-- [ RunTime:0.000850s ]
INFO: [ action_begin ] --START--
INFO: Run Common\Behavior\LoginCheckBehavior [ RunTime:0.001159s ]
INFO: [ action_begin ] --END-- [ RunTime:0.001381s ]
SQL: SHOW COLUMNS FROM `user` [ RunTime:0.003672s ]
SQL: SELECT * FROM `user` WHERE `user_id` = 1 LIMIT 1   [ RunTime:0.000463s ]
SQL: SHOW COLUMNS FROM `grade` [ RunTime:0.003212s ]
SQL: SELECT * FROM `grade` WHERE `s_id` = 10 AND `c_id` = 1 AND `is_base` = 1 LIMIT 1   [ RunTime:0.000310s ]
SQL: SHOW COLUMNS FROM `student` [ RunTime:0.003242s ]
SQL: SELECT * FROM `student` WHERE `id` = 10 LIMIT 1   [ RunTime:0.000280s ]
SQL: SHOW COLUMNS FROM `class` [ RunTime:0.003396s ]
SQL: SELECT * FROM `class` WHERE `major` = '网络工程' AND `class` = 1 LIMIT 1   [ RunTime:0.000407s ]
SQL: INSERT INTO `grade` (`c_id`,`s_id`,`is_base`,`course_name`,`usual_score`,`final_score`,`class_id`) VALUES (1,10,1,'php入门到放弃',78,78,1) [ RunTime:0.002944s ]
INFO: [ view_parse ] --START--
INFO: [ template_filter ] --START--
INFO: Run Behavior\ContentReplaceBehavior [ RunTime:0.000067s ]
INFO: [ template_filter ] --END-- [ RunTime:0.000213s ]
INFO: Run Behavior\ParseTemplateBehavior [ RunTime:0.008178s ]
INFO: [ view_parse ] --END-- [ RunTime:0.008396s ]
INFO: [ view_filter ] --START--
INFO: Run Behavior\WriteHtmlCacheBehavior [ RunTime:0.000488s ]
INFO: [ view_filter ] --END-- [ RunTime:0.000630s ]
INFO: [ app_end ] --START--
INFO: Run Behavior\ShowPageTraceBehavior [ RunTime:0.000722s ]
INFO: [ app_end ] --END-- [ RunTime:0.000857s ]

[ 2018-01-04T08:41:22+08:00 ] ::1 /tp3/index.php?m=Home&c=grade&a=add&base=1&bc_id=1
INFO: [ app_init ] --START--
INFO: Run Behavior\BuildLiteBehavior [ RunTime:0.000065s ]
INFO: [ app_init ] --END-- [ RunTime:0.000982s ]
INFO: [ app_begin ] --START--
INFO: Run Behavior\ReadHtmlCacheBehavior [ RunTime:0.001989s ]
INFO: [ app_begin ] --END-- [ RunTime:0.002430s ]
INFO: [ action_begin ] --START--
INFO: Run Common\Behavior\LoginCheckBehavior [ RunTime:0.002629s ]
INFO: [ action_begin ] --END-- [ RunTime:0.003062s ]
SQL: SHOW COLUMNS FROM `user` [ RunTime:0.006989s ]
SQL: SELECT * FROM `user` WHERE `user_id` = 1 LIMIT 1   [ RunTime:0.000516s ]
SQL: SHOW COLUMNS FROM `base_course` [ RunTime:0.006905s ]
SQL: SHOW COLUMNS FROM `student` [ RunTime:0.006174s ]
SQL: SELECT * FROM `base_course` WHERE `bc_id` = 1 LIMIT 1   [ RunTime:0.000517s ]
SQL: SELECT * FROM `student` LEFT JOIN grade ON grade.s_id = student.id AND grade.is_base = 1 AND grade.c_id = 1  WHERE `major` = '网络工程'  [ RunTime:0.000726s ]
NOTIC: [2] Missing argument 1 for Think\Controller::show(), called in I:\work\wamp\www\tp3\Application\Home\Controller\GradeController.class.php on line 124 and defined I:\work\wamp\www\tp3\ThinkPHP\Library\Think\Controller.class.php 第 68 行.
NOTIC: [8] Undefined variable: content I:\work\wamp\www\tp3\ThinkPHP\Library\Think\Controller.class.php 第 69 行.
INFO: [ view_parse ] --START--
INFO: [ template_filter ] --START--
INFO: Run Behavior\ContentReplaceBehavior [ RunTime:0.000224s ]
INFO: [ template_filter ] --END-- [ RunTime:0.000512s ]
INFO: Run Behavior\ParseTemplateBehavior [ RunTime:0.032785s ]
INFO: [ view_parse ] --END-- [ RunTime:0.033132s ]
INFO: [ view_filter ] --START--
INFO: Run Behavior\WriteHtmlCacheBehavior [ RunTime:0.001131s ]
INFO: [ view_filter ] --END-- [ RunTime:0.001536s ]
INFO: [ app_end ] --START--
INFO: Run Behavior\ShowPageTraceBehavior [ RunTime:0.002059s ]
INFO: [ app_end ] --END-- [ RunTime:0.002387s ]

[ 2018-01-04T08:41:23+08:00 ] ::1 /tp3/index.php?m=Home&c=grade&a=addCheck
INFO: [ app_init ] --START--
INFO: Run Behavior\BuildLiteBehavior [ RunTime:0.000031s ]
INFO: [ app_init ] --END-- [ RunTime:0.000466s ]
INFO: [ app_begin ] --START--
INFO: Run Behavior\ReadHtmlCacheBehavior [ RunTime:0.000687s ]
INFO: [ app_begin ] --END-- [ RunTime:0.000827s ]
INFO: [ action_begin ] --START--
INFO: Run Common\Behavior\LoginCheckBehavior [ RunTime:0.000778s ]
INFO: [ action_begin ] --END-- [ RunTime:0.000926s ]
SQL: SHOW COLUMNS FROM `user` [ RunTime:0.003023s ]
SQL: SELECT * FROM `user` WHERE `user_id` = 1 LIMIT 1   [ RunTime:0.000276s ]
SQL: SHOW COLUMNS FROM `grade` [ RunTime:0.003408s ]
SQL: DELETE FROM `grade` WHERE `s_id` = 10 AND `c_id` = 1 AND `is_base` = 1 [ RunTime:0.001623s ]
INFO: [ view_parse ] --START--
INFO: [ template_filter ] --START--
INFO: Run Behavior\ContentReplaceBehavior [ RunTime:0.000075s ]
INFO: [ template_filter ] --END-- [ RunTime:0.000217s ]
INFO: Run Behavior\ParseTemplateBehavior [ RunTime:0.008441s ]
INFO: [ view_parse ] --END-- [ RunTime:0.008605s ]
INFO: [ view_filter ] --START--
INFO: Run Behavior\WriteHtmlCacheBehavior [ RunTime:0.000448s ]
INFO: [ view_filter ] --END-- [ RunTime:0.000581s ]
INFO: [ app_end ] --START--
INFO: Run Behavior\ShowPageTraceBehavior [ RunTime:0.000711s ]
INFO: [ app_end ] --END-- [ RunTime:0.000842s ]

[ 2018-01-04T08:41:25+08:00 ] ::1 /tp3/index.php?m=Home&c=grade&a=add&base=1&bc_id=1
INFO: [ app_init ] --START--
INFO: Run Behavior\BuildLiteBehavior [ RunTime:0.000070s ]
INFO: [ app_init ] --END-- [ RunTime:0.001092s ]
INFO: [ app_begin ] --START--
INFO: Run Behavior\ReadHtmlCacheBehavior [ RunTime:0.002179s ]
INFO: [ app_begin ] --END-- [ RunTime:0.002626s ]
INFO: [ action_begin ] --START--
INFO: Run Common\Behavior\LoginCheckBehavior [ RunTime:0.001213s ]
INFO: [ action_begin ] --END-- [ RunTime:0.001449s ]
SQL: SHOW COLUMNS FROM `user` [ RunTime:0.005469s ]
SQL: SELECT * FROM `user` WHERE `user_id` = 1 LIMIT 1   [ RunTime:0.000355s ]
SQL: SHOW COLUMNS FROM `base_course` [ RunTime:0.004107s ]
SQL: SHOW COLUMNS FROM `student` [ RunTime:0.004360s ]
SQL: SELECT * FROM `base_course` WHERE `bc_id` = 1 LIMIT 1   [ RunTime:0.000411s ]
SQL: SELECT * FROM `student` LEFT JOIN grade ON grade.s_id = student.id AND grade.is_base = 1 AND grade.c_id = 1  WHERE `major` = '网络工程'  [ RunTime:0.000517s ]
NOTIC: [2] Missing argument 1 for Think\Controller::show(), called in I:\work\wamp\www\tp3\Application\Home\Controller\GradeController.class.php on line 124 and defined I:\work\wamp\www\tp3\ThinkPHP\Library\Think\Controller.class.php 第 68 行.
NOTIC: [8] Undefined variable: content I:\work\wamp\www\tp3\ThinkPHP\Library\Think\Controller.class.php 第 69 行.
INFO: [ view_parse ] --START--
INFO: [ template_filter ] --START--
INFO: Run Behavior\ContentReplaceBehavior [ RunTime:0.000163s ]
INFO: [ template_filter ] --END-- [ RunTime:0.000371s ]
INFO: Run Behavior\ParseTemplateBehavior [ RunTime:0.022585s ]
INFO: [ view_parse ] --END-- [ RunTime:0.022816s ]
INFO: [ view_filter ] --START--
INFO: Run Behavior\WriteHtmlCacheBehavior [ RunTime:0.000716s ]
INFO: [ view_filter ] --END-- [ RunTime:0.000928s ]
INFO: [ app_end ] --START--
INFO: Run Behavior\ShowPageTraceBehavior [ RunTime:0.001118s ]
INFO: [ app_end ] --END-- [ RunTime:0.001322s ]

[ 2018-01-04T08:41:33+08:00 ] ::1 /tp3/index.php?m=Home&c=grade&a=addCheck
INFO: [ app_init ] --START--
INFO: Run Behavior\BuildLiteBehavior [ RunTime:0.000034s ]
INFO: [ app_init ] --END-- [ RunTime:0.000564s ]
INFO: [ app_begin ] --START--
INFO: Run Behavior\ReadHtmlCacheBehavior [ RunTime:0.001793s ]
INFO: [ app_begin ] --END-- [ RunTime:0.002028s ]
INFO: [ action_begin ] --START--
INFO: Run Common\Behavior\LoginCheckBehavior [ RunTime:0.000986s ]
INFO: [ action_begin ] --END-- [ RunTime:0.001162s ]
SQL: SHOW COLUMNS FROM `user` [ RunTime:0.004026s ]
SQL: SELECT * FROM `user` WHERE `user_id` = 1 LIMIT 1   [ RunTime:0.000298s ]
SQL: SHOW COLUMNS FROM `grade` [ RunTime:0.003061s ]
SQL: SELECT * FROM `grade` WHERE `s_id` = 5 AND `c_id` = 1 AND `is_base` = 1 LIMIT 1   [ RunTime:0.000298s ]
SQL: UPDATE `grade` SET `c_id`=1,`s_id`=5,`is_base`=1,`course_name`='php入门到放弃',`usual_score`=57,`final_score`=78 WHERE `s_id` = 5 AND `c_id` = 1 AND `is_base` = 1 [ RunTime:0.002410s ]
INFO: [ view_parse ] --START--
INFO: [ template_filter ] --START--
INFO: Run Behavior\ContentReplaceBehavior [ RunTime:0.000066s ]
INFO: [ template_filter ] --END-- [ RunTime:0.000202s ]
INFO: Run Behavior\ParseTemplateBehavior [ RunTime:0.007005s ]
INFO: [ view_parse ] --END-- [ RunTime:0.007184s ]
INFO: [ view_filter ] --START--
INFO: Run Behavior\WriteHtmlCacheBehavior [ RunTime:0.000756s ]
INFO: [ view_filter ] --END-- [ RunTime:0.000913s ]
INFO: [ app_end ] --START--
INFO: Run Behavior\ShowPageTraceBehavior [ RunTime:0.000740s ]
INFO: [ app_end ] --END-- [ RunTime:0.000882s ]

[ 2018-01-04T08:41:34+08:00 ] ::1 /tp3/index.php?m=Home&c=grade&a=add&base=1&bc_id=1
INFO: [ app_init ] --START--
INFO: Run Behavior\BuildLiteBehavior [ RunTime:0.000129s ]
INFO: [ app_init ] --END-- [ RunTime:0.001281s ]
INFO: [ app_begin ] --START--
INFO: Run Behavior\ReadHtmlCacheBehavior [ RunTime:0.001766s ]
INFO: [ app_begin ] --END-- [ RunTime:0.002083s ]
INFO: [ action_begin ] --START--
INFO: Run Common\Behavior\LoginCheckBehavior [ RunTime:0.003456s ]
INFO: [ action_begin ] --END-- [ RunTime:0.003812s ]
SQL: SHOW COLUMNS FROM `user` [ RunTime:0.007344s ]
SQL: SELECT * FROM `user` WHERE `user_id` = 1 LIMIT 1   [ RunTime:0.000566s ]
SQL: SHOW COLUMNS FROM `base_course` [ RunTime:0.006703s ]
SQL: SHOW COLUMNS FROM `student` [ RunTime:0.006329s ]
SQL: SELECT * FROM `base_course` WHERE `bc_id` = 1 LIMIT 1   [ RunTime:0.000534s ]
SQL: SELECT * FROM `student` LEFT JOIN grade ON grade.s_id = student.id AND grade.is_base = 1 AND grade.c_id = 1  WHERE `major` = '网络工程'  [ RunTime:0.000809s ]
NOTIC: [2] Missing argument 1 for Think\Controller::show(), called in I:\work\wamp\www\tp3\Application\Home\Controller\GradeController.class.php on line 124 and defined I:\work\wamp\www\tp3\ThinkPHP\Library\Think\Controller.class.php 第 68 行.
NOTIC: [8] Undefined variable: content I:\work\wamp\www\tp3\ThinkPHP\Library\Think\Controller.class.php 第 69 行.
INFO: [ view_parse ] --START--
INFO: [ template_filter ] --START--
INFO: Run Behavior\ContentReplaceBehavior [ RunTime:0.000221s ]
INFO: [ template_filter ] --END-- [ RunTime:0.000521s ]
INFO: Run Behavior\ParseTemplateBehavior [ RunTime:0.033523s ]
INFO: [ view_parse ] --END-- [ RunTime:0.033979s ]
INFO: [ view_filter ] --START--
INFO: Run Behavior\WriteHtmlCacheBehavior [ RunTime:0.001104s ]
INFO: [ view_filter ] --END-- [ RunTime:0.001405s ]
INFO: [ app_end ] --START--
INFO: Run Behavior\ShowPageTraceBehavior [ RunTime:0.001545s ]
INFO: [ app_end ] --END-- [ RunTime:0.001825s ]

[ 2018-01-04T08:41:51+08:00 ] ::1 /tp3/index.php?m=Home&c=grade&a=classGrade
INFO: [ app_init ] --START--
INFO: Run Behavior\BuildLiteBehavior [ RunTime:0.000031s ]
INFO: [ app_init ] --END-- [ RunTime:0.000463s ]
INFO: [ app_begin ] --START--
INFO: Run Behavior\ReadHtmlCacheBehavior [ RunTime:0.000704s ]
INFO: [ app_begin ] --END-- [ RunTime:0.000842s ]
INFO: [ action_begin ] --START--
INFO: Run Common\Behavior\LoginCheckBehavior [ RunTime:0.000771s ]
INFO: [ action_begin ] --END-- [ RunTime:0.000919s ]
SQL: SHOW COLUMNS FROM `user` [ RunTime:0.003821s ]
SQL: SELECT * FROM `user` WHERE `user_id` = 1 LIMIT 1   [ RunTime:0.000285s ]
SQL: SHOW COLUMNS FROM `class_grade` [ RunTime:0.003126s ]
SQL: SELECT * FROM `class_grade` LEFT JOIN class ON class.class_id = class_grade.class_id LEFT JOIN base_course ON base_course.bc_id = class_grade.c_id   WHERE `is_base` = 1  [ RunTime:0.000470s ]
SQL: SELECT * FROM `class_grade` LEFT JOIN class ON class.class_id = class_grade.class_id LEFT JOIN course ON course.c_id = class_grade.c_id   WHERE `is_base` = 0  [ RunTime:0.000303s ]
NOTIC: [2] Missing argument 1 for Think\Controller::show(), called in I:\work\wamp\www\tp3\Application\Home\Controller\GradeController.class.php on line 23 and defined I:\work\wamp\www\tp3\ThinkPHP\Library\Think\Controller.class.php 第 68 行.
NOTIC: [8] Undefined variable: content I:\work\wamp\www\tp3\ThinkPHP\Library\Think\Controller.class.php 第 69 行.
INFO: [ view_parse ] --START--
INFO: [ template_filter ] --START--
INFO: Run Behavior\ContentReplaceBehavior [ RunTime:0.000098s ]
INFO: [ template_filter ] --END-- [ RunTime:0.000239s ]
NOTIC: [8] Undefined index: id I:\work\wamp\www\tp3\Application\Runtime\Cache\Home\c3003a3e95bb43867d113b8854e6ca0d.php 第 127 行.
NOTIC: [8] Undefined index: id I:\work\wamp\www\tp3\Application\Runtime\Cache\Home\c3003a3e95bb43867d113b8854e6ca0d.php 第 127 行.
NOTIC: [8] Undefined index: id I:\work\wamp\www\tp3\Application\Runtime\Cache\Home\c3003a3e95bb43867d113b8854e6ca0d.php 第 127 行.
NOTIC: [8] Undefined index: id I:\work\wamp\www\tp3\Application\Runtime\Cache\Home\c3003a3e95bb43867d113b8854e6ca0d.php 第 127 行.
INFO: Run Behavior\ParseTemplateBehavior [ RunTime:0.014506s ]
INFO: [ view_parse ] --END-- [ RunTime:0.014667s ]
INFO: [ view_filter ] --START--
INFO: Run Behavior\WriteHtmlCacheBehavior [ RunTime:0.000585s ]
INFO: [ view_filter ] --END-- [ RunTime:0.000770s ]
INFO: [ app_end ] --START--
INFO: Run Behavior\ShowPageTraceBehavior [ RunTime:0.001111s ]
INFO: [ app_end ] --END-- [ RunTime:0.001261s ]

[ 2018-01-04T09:00:52+08:00 ] ::1 /tp3/index.php?m=Home&c=grade&a=input
INFO: [ app_init ] --START--
INFO: Run Behavior\BuildLiteBehavior [ RunTime:0.000033s ]
INFO: [ app_init ] --END-- [ RunTime:0.000486s ]
INFO: [ app_begin ] --START--
INFO: Run Behavior\ReadHtmlCacheBehavior [ RunTime:0.000700s ]
INFO: [ app_begin ] --END-- [ RunTime:0.000837s ]
INFO: [ action_begin ] --START--
INFO: Run Common\Behavior\LoginCheckBehavior [ RunTime:0.000851s ]
INFO: [ action_begin ] --END-- [ RunTime:0.000991s ]
SQL: SHOW COLUMNS FROM `user` [ RunTime:0.003120s ]
SQL: SELECT * FROM `user` WHERE `user_id` = 1 LIMIT 1   [ RunTime:0.000284s ]
SQL: SHOW COLUMNS FROM `course` [ RunTime:0.003078s ]
SQL: SELECT * FROM `course`  [ RunTime:0.000259s ]
SQL: SHOW COLUMNS FROM `base_course` [ RunTime:0.002983s ]
SQL: SELECT * FROM `base_course`  [ RunTime:0.000249s ]
NOTIC: [2] Missing argument 1 for Think\Controller::show(), called in I:\work\wamp\www\tp3\Application\Home\Controller\GradeController.class.php on line 136 and defined I:\work\wamp\www\tp3\ThinkPHP\Library\Think\Controller.class.php 第 68 行.
NOTIC: [8] Undefined variable: content I:\work\wamp\www\tp3\ThinkPHP\Library\Think\Controller.class.php 第 69 行.
INFO: [ view_parse ] --START--
INFO: [ template_filter ] --START--
INFO: Run Behavior\ContentReplaceBehavior [ RunTime:0.000097s ]
INFO: [ template_filter ] --END-- [ RunTime:0.000234s ]
INFO: Run Behavior\ParseTemplateBehavior [ RunTime:0.014427s ]
INFO: [ view_parse ] --END-- [ RunTime:0.014615s ]
INFO: [ view_filter ] --START--
INFO: Run Behavior\WriteHtmlCacheBehavior [ RunTime:0.000468s ]
INFO: [ view_filter ] --END-- [ RunTime:0.000616s ]
INFO: [ app_end ] --START--
INFO: Run Behavior\ShowPageTraceBehavior [ RunTime:0.000730s ]
INFO: [ app_end ] --END-- [ RunTime:0.000861s ]

[ 2018-01-04T09:00:55+08:00 ] ::1 /tp3/index.php?m=Home&c=grade&a=classGrade
INFO: [ app_init ] --START--
INFO: Run Behavior\BuildLiteBehavior [ RunTime:0.000040s ]
INFO: [ app_init ] --END-- [ RunTime:0.000525s ]
INFO: [ app_begin ] --START--
INFO: Run Behavior\ReadHtmlCacheBehavior [ RunTime:0.000978s ]
INFO: [ app_begin ] --END-- [ RunTime:0.001215s ]
INFO: [ action_begin ] --START--
INFO: Run Common\Behavior\LoginCheckBehavior [ RunTime:0.000816s ]
INFO: [ action_begin ] --END-- [ RunTime:0.000958s ]
SQL: SHOW COLUMNS FROM `user` [ RunTime:0.005399s ]
SQL: SELECT * FROM `user` WHERE `user_id` = 1 LIMIT 1   [ RunTime:0.000292s ]
SQL: SHOW COLUMNS FROM `class_grade` [ RunTime:0.003176s ]
SQL: SELECT * FROM `class_grade` LEFT JOIN class ON class.class_id = class_grade.class_id LEFT JOIN base_course ON base_course.bc_id = class_grade.c_id   WHERE `is_base` = 1  [ RunTime:0.000409s ]
SQL: SELECT * FROM `class_grade` LEFT JOIN class ON class.class_id = class_grade.class_id LEFT JOIN course ON course.c_id = class_grade.c_id   WHERE `is_base` = 0  [ RunTime:0.000305s ]
NOTIC: [2] Missing argument 1 for Think\Controller::show(), called in I:\work\wamp\www\tp3\Application\Home\Controller\GradeController.class.php on line 23 and defined I:\work\wamp\www\tp3\ThinkPHP\Library\Think\Controller.class.php 第 68 行.
NOTIC: [8] Undefined variable: content I:\work\wamp\www\tp3\ThinkPHP\Library\Think\Controller.class.php 第 69 行.
INFO: [ view_parse ] --START--
INFO: [ template_filter ] --START--
INFO: Run Behavior\ContentReplaceBehavior [ RunTime:0.000168s ]
INFO: [ template_filter ] --END-- [ RunTime:0.000421s ]
NOTIC: [8] Undefined index: id I:\work\wamp\www\tp3\Application\Runtime\Cache\Home\c3003a3e95bb43867d113b8854e6ca0d.php 第 127 行.
NOTIC: [8] Undefined index: id I:\work\wamp\www\tp3\Application\Runtime\Cache\Home\c3003a3e95bb43867d113b8854e6ca0d.php 第 127 行.
NOTIC: [8] Undefined index: id I:\work\wamp\www\tp3\Application\Runtime\Cache\Home\c3003a3e95bb43867d113b8854e6ca0d.php 第 127 行.
NOTIC: [8] Undefined index: id I:\work\wamp\www\tp3\Application\Runtime\Cache\Home\c3003a3e95bb43867d113b8854e6ca0d.php 第 127 行.
INFO: Run Behavior\ParseTemplateBehavior [ RunTime:0.016001s ]
INFO: [ view_parse ] --END-- [ RunTime:0.016147s ]
INFO: [ view_filter ] --START--
INFO: Run Behavior\WriteHtmlCacheBehavior [ RunTime:0.000646s ]
INFO: [ view_filter ] --END-- [ RunTime:0.000784s ]
INFO: [ app_end ] --START--
INFO: Run Behavior\ShowPageTraceBehavior [ RunTime:0.000751s ]
INFO: [ app_end ] --END-- [ RunTime:0.000879s ]

[ 2018-01-04T09:01:04+08:00 ] ::1 /tp3/index.php?m=Home&c=grade&a=input
INFO: [ app_init ] --START--
INFO: Run Behavior\BuildLiteBehavior [ RunTime:0.000034s ]
INFO: [ app_init ] --END-- [ RunTime:0.000521s ]
INFO: [ app_begin ] --START--
INFO: Run Behavior\ReadHtmlCacheBehavior [ RunTime:0.000724s ]
INFO: [ app_begin ] --END-- [ RunTime:0.000864s ]
INFO: [ action_begin ] --START--
INFO: Run Common\Behavior\LoginCheckBehavior [ RunTime:0.000816s ]
INFO: [ action_begin ] --END-- [ RunTime:0.000966s ]
SQL: SHOW COLUMNS FROM `user` [ RunTime:0.004164s ]
SQL: SELECT * FROM `user` WHERE `user_id` = 1 LIMIT 1   [ RunTime:0.000483s ]
SQL: SHOW COLUMNS FROM `course` [ RunTime:0.003609s ]
SQL: SELECT * FROM `course`  [ RunTime:0.000268s ]
SQL: SHOW COLUMNS FROM `base_course` [ RunTime:0.003046s ]
SQL: SELECT * FROM `base_course`  [ RunTime:0.000267s ]
NOTIC: [2] Missing argument 1 for Think\Controller::show(), called in I:\work\wamp\www\tp3\Application\Home\Controller\GradeController.class.php on line 136 and defined I:\work\wamp\www\tp3\ThinkPHP\Library\Think\Controller.class.php 第 68 行.
NOTIC: [8] Undefined variable: content I:\work\wamp\www\tp3\ThinkPHP\Library\Think\Controller.class.php 第 69 行.
INFO: [ view_parse ] --START--
INFO: [ template_filter ] --START--
INFO: Run Behavior\ContentReplaceBehavior [ RunTime:0.000106s ]
INFO: [ template_filter ] --END-- [ RunTime:0.000256s ]
INFO: Run Behavior\ParseTemplateBehavior [ RunTime:0.015893s ]
INFO: [ view_parse ] --END-- [ RunTime:0.016060s ]
INFO: [ view_filter ] --START--
INFO: Run Behavior\WriteHtmlCacheBehavior [ RunTime:0.000531s ]
INFO: [ view_filter ] --END-- [ RunTime:0.000672s ]
INFO: [ app_end ] --START--
INFO: Run Behavior\ShowPageTraceBehavior [ RunTime:0.000910s ]
INFO: [ app_end ] --END-- [ RunTime:0.001053s ]

[ 2018-01-04T09:01:06+08:00 ] ::1 /tp3/index.php?m=Home&c=grade&a=add&base=1&bc_id=4
INFO: [ app_init ] --START--
INFO: Run Behavior\BuildLiteBehavior [ RunTime:0.000031s ]
INFO: [ app_init ] --END-- [ RunTime:0.000458s ]
INFO: [ app_begin ] --START--
INFO: Run Behavior\ReadHtmlCacheBehavior [ RunTime:0.000806s ]
INFO: [ app_begin ] --END-- [ RunTime:0.000995s ]
INFO: [ action_begin ] --START--
INFO: Run Common\Behavior\LoginCheckBehavior [ RunTime:0.000826s ]
INFO: [ action_begin ] --END-- [ RunTime:0.000972s ]
SQL: SHOW COLUMNS FROM `user` [ RunTime:0.003876s ]
SQL: SELECT * FROM `user` WHERE `user_id` = 1 LIMIT 1   [ RunTime:0.000332s ]
SQL: SHOW COLUMNS FROM `base_course` [ RunTime:0.004162s ]
SQL: SHOW COLUMNS FROM `student` [ RunTime:0.002977s ]
SQL: SELECT * FROM `base_course` WHERE `bc_id` = 4 LIMIT 1   [ RunTime:0.000262s ]
SQL: SELECT * FROM `student` LEFT JOIN grade ON grade.s_id = student.id AND grade.is_base = 1 AND grade.c_id = 4  WHERE `major` = '网络工程'  [ RunTime:0.000341s ]
NOTIC: [2] Missing argument 1 for Think\Controller::show(), called in I:\work\wamp\www\tp3\Application\Home\Controller\GradeController.class.php on line 124 and defined I:\work\wamp\www\tp3\ThinkPHP\Library\Think\Controller.class.php 第 68 行.
NOTIC: [8] Undefined variable: content I:\work\wamp\www\tp3\ThinkPHP\Library\Think\Controller.class.php 第 69 行.
INFO: [ view_parse ] --START--
INFO: [ template_filter ] --START--
INFO: Run Behavior\ContentReplaceBehavior [ RunTime:0.000167s ]
INFO: [ template_filter ] --END-- [ RunTime:0.000378s ]
INFO: Run Behavior\ParseTemplateBehavior [ RunTime:0.015532s ]
INFO: [ view_parse ] --END-- [ RunTime:0.015691s ]
INFO: [ view_filter ] --START--
INFO: Run Behavior\WriteHtmlCacheBehavior [ RunTime:0.000505s ]
INFO: [ view_filter ] --END-- [ RunTime:0.000643s ]
INFO: [ app_end ] --START--
INFO: Run Behavior\ShowPageTraceBehavior [ RunTime:0.000715s ]
INFO: [ app_end ] --END-- [ RunTime:0.000845s ]

[ 2018-01-04T09:01:10+08:00 ] ::1 /tp3/index.php?m=Home&c=grade&a=classGrade
INFO: [ app_init ] --START--
INFO: Run Behavior\BuildLiteBehavior [ RunTime:0.000035s ]
INFO: [ app_init ] --END-- [ RunTime:0.000905s ]
INFO: [ app_begin ] --START--
INFO: Run Behavior\ReadHtmlCacheBehavior [ RunTime:0.000716s ]
INFO: [ app_begin ] --END-- [ RunTime:0.000858s ]
INFO: [ action_begin ] --START--
INFO: Run Common\Behavior\LoginCheckBehavior [ RunTime:0.000824s ]
INFO: [ action_begin ] --END-- [ RunTime:0.000974s ]
SQL: SHOW COLUMNS FROM `user` [ RunTime:0.003192s ]
SQL: SELECT * FROM `user` WHERE `user_id` = 1 LIMIT 1   [ RunTime:0.000276s ]
SQL: SHOW COLUMNS FROM `class_grade` [ RunTime:0.003118s ]
SQL: SELECT * FROM `class_grade` LEFT JOIN class ON class.class_id = class_grade.class_id LEFT JOIN base_course ON base_course.bc_id = class_grade.c_id   WHERE `is_base` = 1  [ RunTime:0.000445s ]
SQL: SELECT * FROM `class_grade` LEFT JOIN class ON class.class_id = class_grade.class_id LEFT JOIN course ON course.c_id = class_grade.c_id   WHERE `is_base` = 0  [ RunTime:0.000445s ]
NOTIC: [2] Missing argument 1 for Think\Controller::show(), called in I:\work\wamp\www\tp3\Application\Home\Controller\GradeController.class.php on line 23 and defined I:\work\wamp\www\tp3\ThinkPHP\Library\Think\Controller.class.php 第 68 行.
NOTIC: [8] Undefined variable: content I:\work\wamp\www\tp3\ThinkPHP\Library\Think\Controller.class.php 第 69 行.
INFO: [ view_parse ] --START--
INFO: [ template_filter ] --START--
INFO: Run Behavior\ContentReplaceBehavior [ RunTime:0.000100s ]
INFO: [ template_filter ] --END-- [ RunTime:0.000245s ]
NOTIC: [8] Undefined index: id I:\work\wamp\www\tp3\Application\Runtime\Cache\Home\c3003a3e95bb43867d113b8854e6ca0d.php 第 127 行.
NOTIC: [8] Undefined index: id I:\work\wamp\www\tp3\Application\Runtime\Cache\Home\c3003a3e95bb43867d113b8854e6ca0d.php 第 127 行.
NOTIC: [8] Undefined index: id I:\work\wamp\www\tp3\Application\Runtime\Cache\Home\c3003a3e95bb43867d113b8854e6ca0d.php 第 127 行.
NOTIC: [8] Undefined index: id I:\work\wamp\www\tp3\Application\Runtime\Cache\Home\c3003a3e95bb43867d113b8854e6ca0d.php 第 127 行.
INFO: Run Behavior\ParseTemplateBehavior [ RunTime:0.014064s ]
INFO: [ view_parse ] --END-- [ RunTime:0.014227s ]
INFO: [ view_filter ] --START--
INFO: Run Behavior\WriteHtmlCacheBehavior [ RunTime:0.000539s ]
INFO: [ view_filter ] --END-- [ RunTime:0.000674s ]
INFO: [ app_end ] --START--
INFO: Run Behavior\ShowPageTraceBehavior [ RunTime:0.000718s ]
INFO: [ app_end ] --END-- [ RunTime:0.000846s ]

[ 2018-01-04T09:01:13+08:00 ] ::1 /tp3/index.php?m=Home&c=grade&a=input
INFO: [ app_init ] --START--
INFO: Run Behavior\BuildLiteBehavior [ RunTime:0.000076s ]
INFO: [ app_init ] --END-- [ RunTime:0.000994s ]
INFO: [ app_begin ] --START--
INFO: Run Behavior\ReadHtmlCacheBehavior [ RunTime:0.000724s ]
INFO: [ app_begin ] --END-- [ RunTime:0.000862s ]
INFO: [ action_begin ] --START--
INFO: Run Common\Behavior\LoginCheckBehavior [ RunTime:0.000853s ]
INFO: [ action_begin ] --END-- [ RunTime:0.001005s ]
SQL: SHOW COLUMNS FROM `user` [ RunTime:0.003274s ]
SQL: SELECT * FROM `user` WHERE `user_id` = 1 LIMIT 1   [ RunTime:0.000272s ]
SQL: SHOW COLUMNS FROM `course` [ RunTime:0.003434s ]
SQL: SELECT * FROM `course`  [ RunTime:0.000278s ]
SQL: SHOW COLUMNS FROM `base_course` [ RunTime:0.003052s ]
SQL: SELECT * FROM `base_course`  [ RunTime:0.000263s ]
NOTIC: [2] Missing argument 1 for Think\Controller::show(), called in I:\work\wamp\www\tp3\Application\Home\Controller\GradeController.class.php on line 136 and defined I:\work\wamp\www\tp3\ThinkPHP\Library\Think\Controller.class.php 第 68 行.
NOTIC: [8] Undefined variable: content I:\work\wamp\www\tp3\ThinkPHP\Library\Think\Controller.class.php 第 69 行.
INFO: [ view_parse ] --START--
INFO: [ template_filter ] --START--
INFO: Run Behavior\ContentReplaceBehavior [ RunTime:0.000105s ]
INFO: [ template_filter ] --END-- [ RunTime:0.000264s ]
INFO: Run Behavior\ParseTemplateBehavior [ RunTime:0.016684s ]
INFO: [ view_parse ] --END-- [ RunTime:0.016910s ]
INFO: [ view_filter ] --START--
INFO: Run Behavior\WriteHtmlCacheBehavior [ RunTime:0.000823s ]
INFO: [ view_filter ] --END-- [ RunTime:0.001031s ]
INFO: [ app_end ] --START--
INFO: Run Behavior\ShowPageTraceBehavior [ RunTime:0.001026s ]
INFO: [ app_end ] --END-- [ RunTime:0.001216s ]

[ 2018-01-04T09:01:15+08:00 ] ::1 /tp3/index.php?m=Home&c=grade&a=add&base=1&bc_id=4
INFO: [ app_init ] --START--
INFO: Run Behavior\BuildLiteBehavior [ RunTime:0.000035s ]
INFO: [ app_init ] --END-- [ RunTime:0.000511s ]
INFO: [ app_begin ] --START--
INFO: Run Behavior\ReadHtmlCacheBehavior [ RunTime:0.000896s ]
INFO: [ app_begin ] --END-- [ RunTime:0.001049s ]
INFO: [ action_begin ] --START--
INFO: Run Common\Behavior\LoginCheckBehavior [ RunTime:0.001281s ]
INFO: [ action_begin ] --END-- [ RunTime:0.001505s ]
SQL: SHOW COLUMNS FROM `user` [ RunTime:0.003964s ]
SQL: SELECT * FROM `user` WHERE `user_id` = 1 LIMIT 1   [ RunTime:0.000275s ]
SQL: SHOW COLUMNS FROM `base_course` [ RunTime:0.003637s ]
SQL: SHOW COLUMNS FROM `student` [ RunTime:0.003065s ]
SQL: SELECT * FROM `base_course` WHERE `bc_id` = 4 LIMIT 1   [ RunTime:0.000275s ]
SQL: SELECT * FROM `student` LEFT JOIN grade ON grade.s_id = student.id AND grade.is_base = 1 AND grade.c_id = 4  WHERE `major` = '网络工程'  [ RunTime:0.000354s ]
NOTIC: [2] Missing argument 1 for Think\Controller::show(), called in I:\work\wamp\www\tp3\Application\Home\Controller\GradeController.class.php on line 124 and defined I:\work\wamp\www\tp3\ThinkPHP\Library\Think\Controller.class.php 第 68 行.
NOTIC: [8] Undefined variable: content I:\work\wamp\www\tp3\ThinkPHP\Library\Think\Controller.class.php 第 69 行.
INFO: [ view_parse ] --START--
INFO: [ template_filter ] --START--
INFO: Run Behavior\ContentReplaceBehavior [ RunTime:0.000108s ]
INFO: [ template_filter ] --END-- [ RunTime:0.000248s ]
INFO: Run Behavior\ParseTemplateBehavior [ RunTime:0.015673s ]
INFO: [ view_parse ] --END-- [ RunTime:0.015833s ]
INFO: [ view_filter ] --START--
INFO: Run Behavior\WriteHtmlCacheBehavior [ RunTime:0.000528s ]
INFO: [ view_filter ] --END-- [ RunTime:0.000666s ]
INFO: [ app_end ] --START--
INFO: Run Behavior\ShowPageTraceBehavior [ RunTime:0.000724s ]
INFO: [ app_end ] --END-- [ RunTime:0.000854s ]

[ 2018-01-04T09:01:20+08:00 ] ::1 /tp3/index.php?m=Home&c=grade&a=addCheck
INFO: [ app_init ] --START--
INFO: Run Behavior\BuildLiteBehavior [ RunTime:0.000030s ]
INFO: [ app_init ] --END-- [ RunTime:0.000458s ]
INFO: [ app_begin ] --START--
INFO: Run Behavior\ReadHtmlCacheBehavior [ RunTime:0.000684s ]
INFO: [ app_begin ] --END-- [ RunTime:0.000827s ]
INFO: [ action_begin ] --START--
INFO: Run Common\Behavior\LoginCheckBehavior [ RunTime:0.000827s ]
INFO: [ action_begin ] --END-- [ RunTime:0.000996s ]
SQL: SHOW COLUMNS FROM `user` [ RunTime:0.003083s ]
SQL: SELECT * FROM `user` WHERE `user_id` = 1 LIMIT 1   [ RunTime:0.000286s ]
SQL: SHOW COLUMNS FROM `grade` [ RunTime:0.003162s ]
SQL: SELECT * FROM `grade` WHERE `s_id` = 2 AND `c_id` = 4 AND `is_base` = 1 LIMIT 1   [ RunTime:0.000794s ]
SQL: SHOW COLUMNS FROM `student` [ RunTime:0.003279s ]
SQL: SELECT * FROM `student` WHERE `id` = 2 LIMIT 1   [ RunTime:0.000284s ]
SQL: SHOW COLUMNS FROM `class` [ RunTime:0.003088s ]
SQL: SELECT * FROM `class` WHERE `major` = '网络工程' AND `class` = 1 LIMIT 1   [ RunTime:0.000273s ]
SQL: INSERT INTO `grade` (`c_id`,`s_id`,`is_base`,`course_name`,`usual_score`,`final_score`,`class_id`) VALUES (4,2,1,'算法导论',55,55,1) [ RunTime:0.002001s ]
INFO: [ view_parse ] --START--
INFO: [ template_filter ] --START--
INFO: Run Behavior\ContentReplaceBehavior [ RunTime:0.000067s ]
INFO: [ template_filter ] --END-- [ RunTime:0.000209s ]
INFO: Run Behavior\ParseTemplateBehavior [ RunTime:0.007971s ]
INFO: [ view_parse ] --END-- [ RunTime:0.008121s ]
INFO: [ view_filter ] --START--
INFO: Run Behavior\WriteHtmlCacheBehavior [ RunTime:0.000454s ]
INFO: [ view_filter ] --END-- [ RunTime:0.000592s ]
INFO: [ app_end ] --START--
INFO: Run Behavior\ShowPageTraceBehavior [ RunTime:0.000704s ]
INFO: [ app_end ] --END-- [ RunTime:0.000831s ]

[ 2018-01-04T09:01:21+08:00 ] ::1 /tp3/index.php?m=Home&c=grade&a=add&base=1&bc_id=4
INFO: [ app_init ] --START--
INFO: Run Behavior\BuildLiteBehavior [ RunTime:0.000032s ]
INFO: [ app_init ] --END-- [ RunTime:0.000496s ]
INFO: [ app_begin ] --START--
INFO: Run Behavior\ReadHtmlCacheBehavior [ RunTime:0.000693s ]
INFO: [ app_begin ] --END-- [ RunTime:0.000833s ]
INFO: [ action_begin ] --START--
INFO: Run Common\Behavior\LoginCheckBehavior [ RunTime:0.002935s ]
INFO: [ action_begin ] --END-- [ RunTime:0.003271s ]
SQL: SHOW COLUMNS FROM `user` [ RunTime:0.003691s ]
SQL: SELECT * FROM `user` WHERE `user_id` = 1 LIMIT 1   [ RunTime:0.000730s ]
SQL: SHOW COLUMNS FROM `base_course` [ RunTime:0.005001s ]
SQL: SHOW COLUMNS FROM `student` [ RunTime:0.003324s ]
SQL: SELECT * FROM `base_course` WHERE `bc_id` = 4 LIMIT 1   [ RunTime:0.000279s ]
SQL: SELECT * FROM `student` LEFT JOIN grade ON grade.s_id = student.id AND grade.is_base = 1 AND grade.c_id = 4  WHERE `major` = '网络工程'  [ RunTime:0.000356s ]
NOTIC: [2] Missing argument 1 for Think\Controller::show(), called in I:\work\wamp\www\tp3\Application\Home\Controller\GradeController.class.php on line 124 and defined I:\work\wamp\www\tp3\ThinkPHP\Library\Think\Controller.class.php 第 68 行.
NOTIC: [8] Undefined variable: content I:\work\wamp\www\tp3\ThinkPHP\Library\Think\Controller.class.php 第 69 行.
INFO: [ view_parse ] --START--
INFO: [ template_filter ] --START--
INFO: Run Behavior\ContentReplaceBehavior [ RunTime:0.000110s ]
INFO: [ template_filter ] --END-- [ RunTime:0.000253s ]
INFO: Run Behavior\ParseTemplateBehavior [ RunTime:0.016145s ]
INFO: [ view_parse ] --END-- [ RunTime:0.016294s ]
INFO: [ view_filter ] --START--
INFO: Run Behavior\WriteHtmlCacheBehavior [ RunTime:0.000457s ]
INFO: [ view_filter ] --END-- [ RunTime:0.000600s ]
INFO: [ app_end ] --START--
INFO: Run Behavior\ShowPageTraceBehavior [ RunTime:0.000691s ]
INFO: [ app_end ] --END-- [ RunTime:0.000819s ]

[ 2018-01-04T09:01:27+08:00 ] ::1 /tp3/index.php?m=Home&c=grade&a=classGrade
INFO: [ app_init ] --START--
INFO: Run Behavior\BuildLiteBehavior [ RunTime:0.000032s ]
INFO: [ app_init ] --END-- [ RunTime:0.000479s ]
INFO: [ app_begin ] --START--
INFO: Run Behavior\ReadHtmlCacheBehavior [ RunTime:0.001675s ]
INFO: [ app_begin ] --END-- [ RunTime:0.001872s ]
INFO: [ action_begin ] --START--
INFO: Run Common\Behavior\LoginCheckBehavior [ RunTime:0.000814s ]
INFO: [ action_begin ] --END-- [ RunTime:0.000953s ]
SQL: SHOW COLUMNS FROM `user` [ RunTime:0.004253s ]
SQL: SELECT * FROM `user` WHERE `user_id` = 1 LIMIT 1   [ RunTime:0.000284s ]
SQL: SHOW COLUMNS FROM `class_grade` [ RunTime:0.003154s ]
SQL: SELECT * FROM `class_grade` LEFT JOIN class ON class.class_id = class_grade.class_id LEFT JOIN base_course ON base_course.bc_id = class_grade.c_id   WHERE `is_base` = 1  [ RunTime:0.000393s ]
SQL: SELECT * FROM `class_grade` LEFT JOIN class ON class.class_id = class_grade.class_id LEFT JOIN course ON course.c_id = class_grade.c_id   WHERE `is_base` = 0  [ RunTime:0.000290s ]
NOTIC: [2] Missing argument 1 for Think\Controller::show(), called in I:\work\wamp\www\tp3\Application\Home\Controller\GradeController.class.php on line 23 and defined I:\work\wamp\www\tp3\ThinkPHP\Library\Think\Controller.class.php 第 68 行.
NOTIC: [8] Undefined variable: content I:\work\wamp\www\tp3\ThinkPHP\Library\Think\Controller.class.php 第 69 行.
INFO: [ view_parse ] --START--
INFO: [ template_filter ] --START--
INFO: Run Behavior\ContentReplaceBehavior [ RunTime:0.000220s ]
INFO: [ template_filter ] --END-- [ RunTime:0.000546s ]
NOTIC: [8] Undefined index: id I:\work\wamp\www\tp3\Application\Runtime\Cache\Home\c3003a3e95bb43867d113b8854e6ca0d.php 第 127 行.
NOTIC: [8] Undefined index: id I:\work\wamp\www\tp3\Application\Runtime\Cache\Home\c3003a3e95bb43867d113b8854e6ca0d.php 第 127 行.
NOTIC: [8] Undefined index: id I:\work\wamp\www\tp3\Application\Runtime\Cache\Home\c3003a3e95bb43867d113b8854e6ca0d.php 第 127 行.
NOTIC: [8] Undefined index: id I:\work\wamp\www\tp3\Application\Runtime\Cache\Home\c3003a3e95bb43867d113b8854e6ca0d.php 第 127 行.
NOTIC: [8] Undefined index: id I:\work\wamp\www\tp3\Application\Runtime\Cache\Home\c3003a3e95bb43867d113b8854e6ca0d.php 第 127 行.
INFO: Run Behavior\ParseTemplateBehavior [ RunTime:0.014762s ]
INFO: [ view_parse ] --END-- [ RunTime:0.014939s ]
INFO: [ view_filter ] --START--
INFO: Run Behavior\WriteHtmlCacheBehavior [ RunTime:0.000549s ]
INFO: [ view_filter ] --END-- [ RunTime:0.000729s ]
INFO: [ app_end ] --START--
INFO: Run Behavior\ShowPageTraceBehavior [ RunTime:0.000707s ]
INFO: [ app_end ] --END-- [ RunTime:0.000837s ]

[ 2018-01-04T10:07:59+08:00 ] ::1 /tp3/index.php?m=Home&c=baseCourse&a=query
INFO: [ app_init ] --START--
INFO: Run Behavior\BuildLiteBehavior [ RunTime:0.000033s ]
INFO: [ app_init ] --END-- [ RunTime:0.000538s ]
INFO: [ app_begin ] --START--
INFO: Run Behavior\ReadHtmlCacheBehavior [ RunTime:0.000629s ]
INFO: [ app_begin ] --END-- [ RunTime:0.000744s ]
INFO: [ action_begin ] --START--
INFO: Run Common\Behavior\LoginCheckBehavior [ RunTime:0.001071s ]
INFO: [ action_begin ] --END-- [ RunTime:0.001314s ]
SQL: SHOW COLUMNS FROM `user` [ RunTime:0.002887s ]
SQL: SELECT * FROM `user` WHERE `user_id` = 1 LIMIT 1   [ RunTime:0.000290s ]
SQL: SHOW COLUMNS FROM `base_course` [ RunTime:0.004407s ]
SQL: SELECT * FROM `base_course`  [ RunTime:0.000278s ]
NOTIC: [2] Missing argument 1 for Think\Controller::show(), called in I:\work\wamp\www\tp3\Application\Home\Controller\BaseCourseController.class.php on line 11 and defined I:\work\wamp\www\tp3\ThinkPHP\Library\Think\Controller.class.php 第 68 行.
NOTIC: [8] Undefined variable: content I:\work\wamp\www\tp3\ThinkPHP\Library\Think\Controller.class.php 第 69 行.
INFO: [ view_parse ] --START--
INFO: [ template_filter ] --START--
INFO: Run Behavior\ContentReplaceBehavior [ RunTime:0.000092s ]
INFO: [ template_filter ] --END-- [ RunTime:0.000225s ]
INFO: Run Behavior\ParseTemplateBehavior [ RunTime:0.013400s ]
INFO: [ view_parse ] --END-- [ RunTime:0.013527s ]
INFO: [ view_filter ] --START--
INFO: Run Behavior\WriteHtmlCacheBehavior [ RunTime:0.000420s ]
INFO: [ view_filter ] --END-- [ RunTime:0.000536s ]
INFO: [ app_end ] --START--
INFO: Run Behavior\ShowPageTraceBehavior [ RunTime:0.000621s ]
INFO: [ app_end ] --END-- [ RunTime:0.000728s ]

[ 2018-01-04T10:08:02+08:00 ] ::1 /tp3/index.php?m=Home&c=grade&a=studentGrade
INFO: [ app_init ] --START--
INFO: Run Behavior\BuildLiteBehavior [ RunTime:0.000030s ]
INFO: [ app_init ] --END-- [ RunTime:0.000760s ]
INFO: [ app_begin ] --START--
INFO: Run Behavior\ReadHtmlCacheBehavior [ RunTime:0.000576s ]
INFO: [ app_begin ] --END-- [ RunTime:0.000713s ]
INFO: [ action_begin ] --START--
INFO: Run Common\Behavior\LoginCheckBehavior [ RunTime:0.001580s ]
INFO: [ action_begin ] --END-- [ RunTime:0.001942s ]
SQL: SHOW COLUMNS FROM `user` [ RunTime:0.004075s ]
SQL: SELECT * FROM `user` WHERE `user_id` = 1 LIMIT 1   [ RunTime:0.000279s ]
SQL: SHOW COLUMNS FROM `student` [ RunTime:0.003550s ]
SQL: SHOW COLUMNS FROM `grade` [ RunTime:0.002768s ]
SQL: SELECT * FROM `student` LEFT JOIN grade ON grade.s_id = student.id   [ RunTime:0.000410s ]
NOTIC: [2] Missing argument 1 for Think\Controller::show(), called in I:\work\wamp\www\tp3\Application\Home\Controller\GradeController.class.php on line 54 and defined I:\work\wamp\www\tp3\ThinkPHP\Library\Think\Controller.class.php 第 68 行.
NOTIC: [8] Undefined variable: content I:\work\wamp\www\tp3\ThinkPHP\Library\Think\Controller.class.php 第 69 行.
INFO: [ view_parse ] --START--
INFO: [ template_filter ] --START--
INFO: Run Behavior\ContentReplaceBehavior [ RunTime:0.000084s ]
INFO: [ template_filter ] --END-- [ RunTime:0.000208s ]
INFO: Run Behavior\ParseTemplateBehavior [ RunTime:0.013429s ]
INFO: [ view_parse ] --END-- [ RunTime:0.013559s ]
INFO: [ view_filter ] --START--
INFO: Run Behavior\WriteHtmlCacheBehavior [ RunTime:0.000397s ]
INFO: [ view_filter ] --END-- [ RunTime:0.000501s ]
INFO: [ app_end ] --START--
INFO: Run Behavior\ShowPageTraceBehavior [ RunTime:0.000570s ]
INFO: [ app_end ] --END-- [ RunTime:0.000675s ]

[ 2018-01-04T10:08:06+08:00 ] ::1 /tp3/index.php?m=Home&c=grade&a=studentGrade&search=1
INFO: [ app_init ] --START--
INFO: Run Behavior\BuildLiteBehavior [ RunTime:0.000027s ]
INFO: [ app_init ] --END-- [ RunTime:0.000396s ]
INFO: [ app_begin ] --START--
INFO: Run Behavior\ReadHtmlCacheBehavior [ RunTime:0.000556s ]
INFO: [ app_begin ] --END-- [ RunTime:0.000672s ]
INFO: [ action_begin ] --START--
INFO: Run Common\Behavior\LoginCheckBehavior [ RunTime:0.000805s ]
INFO: [ action_begin ] --END-- [ RunTime:0.000941s ]
SQL: SHOW COLUMNS FROM `user` [ RunTime:0.003532s ]
SQL: SELECT * FROM `user` WHERE `user_id` = 1 LIMIT 1   [ RunTime:0.000275s ]
SQL: SHOW COLUMNS FROM `student` [ RunTime:0.003112s ]
SQL: SHOW COLUMNS FROM `grade` [ RunTime:0.002841s ]
SQL: SELECT * FROM `student` LEFT JOIN grade ON grade.s_id = student.id  WHERE `id` = '2'  [ RunTime:0.000609s ]
NOTIC: [2] Missing argument 1 for Think\Controller::show(), called in I:\work\wamp\www\tp3\Application\Home\Controller\GradeController.class.php on line 54 and defined I:\work\wamp\www\tp3\ThinkPHP\Library\Think\Controller.class.php 第 68 行.
NOTIC: [8] Undefined variable: content I:\work\wamp\www\tp3\ThinkPHP\Library\Think\Controller.class.php 第 69 行.
INFO: [ view_parse ] --START--
INFO: [ template_filter ] --START--
INFO: Run Behavior\ContentReplaceBehavior [ RunTime:0.000085s ]
INFO: [ template_filter ] --END-- [ RunTime:0.000226s ]
INFO: Run Behavior\ParseTemplateBehavior [ RunTime:0.012135s ]
INFO: [ view_parse ] --END-- [ RunTime:0.012259s ]
INFO: [ view_filter ] --START--
INFO: Run Behavior\WriteHtmlCacheBehavior [ RunTime:0.000404s ]
INFO: [ view_filter ] --END-- [ RunTime:0.000508s ]
INFO: [ app_end ] --START--
INFO: Run Behavior\ShowPageTraceBehavior [ RunTime:0.000590s ]
INFO: [ app_end ] --END-- [ RunTime:0.000695s ]

[ 2018-01-04T10:08:15+08:00 ] ::1 /tp3/index.php?m=Home&c=grade&a=studentGrade&search=1
INFO: [ app_init ] --START--
INFO: Run Behavior\BuildLiteBehavior [ RunTime:0.000030s ]
INFO: [ app_init ] --END-- [ RunTime:0.000567s ]
INFO: [ app_begin ] --START--
INFO: Run Behavior\ReadHtmlCacheBehavior [ RunTime:0.000592s ]
INFO: [ app_begin ] --END-- [ RunTime:0.000709s ]
INFO: [ action_begin ] --START--
INFO: Run Common\Behavior\LoginCheckBehavior [ RunTime:0.002047s ]
INFO: [ action_begin ] --END-- [ RunTime:0.002360s ]
SQL: SHOW COLUMNS FROM `user` [ RunTime:0.003176s ]
SQL: SELECT * FROM `user` WHERE `user_id` = 1 LIMIT 1   [ RunTime:0.000299s ]
SQL: SHOW COLUMNS FROM `student` [ RunTime:0.003034s ]
SQL: SHOW COLUMNS FROM `grade` [ RunTime:0.004097s ]
SQL: SELECT * FROM `student` LEFT JOIN grade ON grade.s_id = student.id   [ RunTime:0.000389s ]
NOTIC: [2] Missing argument 1 for Think\Controller::show(), called in I:\work\wamp\www\tp3\Application\Home\Controller\GradeController.class.php on line 54 and defined I:\work\wamp\www\tp3\ThinkPHP\Library\Think\Controller.class.php 第 68 行.
NOTIC: [8] Undefined variable: content I:\work\wamp\www\tp3\ThinkPHP\Library\Think\Controller.class.php 第 69 行.
INFO: [ view_parse ] --START--
INFO: [ template_filter ] --START--
INFO: Run Behavior\ContentReplaceBehavior [ RunTime:0.000083s ]
INFO: [ template_filter ] --END-- [ RunTime:0.000204s ]
INFO: Run Behavior\ParseTemplateBehavior [ RunTime:0.013240s ]
INFO: [ view_parse ] --END-- [ RunTime:0.013374s ]
INFO: [ view_filter ] --START--
INFO: Run Behavior\WriteHtmlCacheBehavior [ RunTime:0.000455s ]
INFO: [ view_filter ] --END-- [ RunTime:0.000560s ]
INFO: [ app_end ] --START--
INFO: Run Behavior\ShowPageTraceBehavior [ RunTime:0.000574s ]
INFO: [ app_end ] --END-- [ RunTime:0.000762s ]

[ 2018-01-04T10:08:20+08:00 ] ::1 /tp3/index.php?m=Home&c=grade&a=studentGrade&search=1
INFO: [ app_init ] --START--
INFO: Run Behavior\BuildLiteBehavior [ RunTime:0.000030s ]
INFO: [ app_init ] --END-- [ RunTime:0.000426s ]
INFO: [ app_begin ] --START--
INFO: Run Behavior\ReadHtmlCacheBehavior [ RunTime:0.000566s ]
INFO: [ app_begin ] --END-- [ RunTime:0.000682s ]
INFO: [ action_begin ] --START--
INFO: Run Common\Behavior\LoginCheckBehavior [ RunTime:0.000698s ]
INFO: [ action_begin ] --END-- [ RunTime:0.000824s ]
SQL: SHOW COLUMNS FROM `user` [ RunTime:0.004144s ]
SQL: SELECT * FROM `user` WHERE `user_id` = 1 LIMIT 1   [ RunTime:0.000286s ]
SQL: SHOW COLUMNS FROM `student` [ RunTime:0.003032s ]
SQL: SHOW COLUMNS FROM `grade` [ RunTime:0.002891s ]
SQL: SELECT * FROM `student` LEFT JOIN grade ON grade.s_id = student.id  WHERE `name` = '张三丰'  [ RunTime:0.000369s ]
NOTIC: [2] Missing argument 1 for Think\Controller::show(), called in I:\work\wamp\www\tp3\Application\Home\Controller\GradeController.class.php on line 54 and defined I:\work\wamp\www\tp3\ThinkPHP\Library\Think\Controller.class.php 第 68 行.
NOTIC: [8] Undefined variable: content I:\work\wamp\www\tp3\ThinkPHP\Library\Think\Controller.class.php 第 69 行.
INFO: [ view_parse ] --START--
INFO: [ template_filter ] --START--
INFO: Run Behavior\ContentReplaceBehavior [ RunTime:0.000089s ]
INFO: [ template_filter ] --END-- [ RunTime:0.000220s ]
INFO: Run Behavior\ParseTemplateBehavior [ RunTime:0.011976s ]
INFO: [ view_parse ] --END-- [ RunTime:0.012104s ]
INFO: [ view_filter ] --START--
INFO: Run Behavior\WriteHtmlCacheBehavior [ RunTime:0.000370s ]
INFO: [ view_filter ] --END-- [ RunTime:0.000473s ]
INFO: [ app_end ] --START--
INFO: Run Behavior\ShowPageTraceBehavior [ RunTime:0.000571s ]
INFO: [ app_end ] --END-- [ RunTime:0.000677s ]

[ 2018-01-04T11:01:23+08:00 ] ::1 /tp3/index.php?m=Home&c=public&a=logout
INFO: [ app_init ] --START--
INFO: Run Behavior\BuildLiteBehavior [ RunTime:0.000036s ]
INFO: [ app_init ] --END-- [ RunTime:0.002427s ]
INFO: [ app_begin ] --START--
INFO: Run Behavior\ReadHtmlCacheBehavior [ RunTime:0.000855s ]
INFO: [ app_begin ] --END-- [ RunTime:0.000982s ]
INFO: [ action_begin ] --START--
INFO: Run Common\Behavior\LoginCheckBehavior [ RunTime:0.001087s ]
INFO: [ action_begin ] --END-- [ RunTime:0.001241s ]
INFO: [ view_parse ] --START--
INFO: [ template_filter ] --START--
INFO: Run Behavior\ContentReplaceBehavior [ RunTime:0.000138s ]
INFO: [ template_filter ] --END-- [ RunTime:0.000451s ]
INFO: Run Behavior\ParseTemplateBehavior [ RunTime:0.011330s ]
INFO: [ view_parse ] --END-- [ RunTime:0.011471s ]
INFO: [ view_filter ] --START--
INFO: Run Behavior\WriteHtmlCacheBehavior [ RunTime:0.000608s ]
INFO: [ view_filter ] --END-- [ RunTime:0.000733s ]
INFO: [ app_end ] --START--
INFO: Run Behavior\ShowPageTraceBehavior [ RunTime:0.001386s ]
INFO: [ app_end ] --END-- [ RunTime:0.001530s ]

[ 2018-01-04T11:01:24+08:00 ] ::1 /tp3/index.php?m=Home&c=public&a=login
INFO: [ app_init ] --START--
INFO: Run Behavior\BuildLiteBehavior [ RunTime:0.000048s ]
INFO: [ app_init ] --END-- [ RunTime:0.000722s ]
INFO: [ app_begin ] --START--
INFO: Run Behavior\ReadHtmlCacheBehavior [ RunTime:0.001010s ]
INFO: [ app_begin ] --END-- [ RunTime:0.001214s ]
INFO: [ action_begin ] --START--
INFO: Run Common\Behavior\LoginCheckBehavior [ RunTime:0.001182s ]
INFO: [ action_begin ] --END-- [ RunTime:0.001406s ]
INFO: [ view_parse ] --START--
INFO: [ template_filter ] --START--
INFO: Run Behavior\ContentReplaceBehavior [ RunTime:0.000069s ]
INFO: [ template_filter ] --END-- [ RunTime:0.000200s ]
INFO: Run Behavior\ParseTemplateBehavior [ RunTime:0.009975s ]
INFO: [ view_parse ] --END-- [ RunTime:0.010126s ]
INFO: [ view_filter ] --START--
INFO: Run Behavior\WriteHtmlCacheBehavior [ RunTime:0.000386s ]
INFO: [ view_filter ] --END-- [ RunTime:0.000490s ]
INFO: [ app_end ] --START--
INFO: Run Behavior\ShowPageTraceBehavior [ RunTime:0.000574s ]
INFO: [ app_end ] --END-- [ RunTime:0.000695s ]

